mode: atomic
github.com/anemptyemptiness/Go-Rocket-App/order/internal/api/order/v1/api.go:11.45,15.2 1 0
github.com/anemptyemptiness/Go-Rocket-App/order/internal/api/order/v1/funcs.go:13.105,15.16 2 0
github.com/anemptyemptiness/Go-Rocket-App/order/internal/api/order/v1/funcs.go:15.16,20.3 1 0
github.com/anemptyemptiness/Go-Rocket-App/order/internal/api/order/v1/funcs.go:22.2,22.46 1 0
github.com/anemptyemptiness/Go-Rocket-App/order/internal/api/order/v1/funcs.go:25.113,27.16 2 0
github.com/anemptyemptiness/Go-Rocket-App/order/internal/api/order/v1/funcs.go:27.16,31.3 1 0
github.com/anemptyemptiness/Go-Rocket-App/order/internal/api/order/v1/funcs.go:33.2,34.16 2 0
github.com/anemptyemptiness/Go-Rocket-App/order/internal/api/order/v1/funcs.go:34.16,43.3 1 0
github.com/anemptyemptiness/Go-Rocket-App/order/internal/api/order/v1/funcs.go:45.2,48.8 1 0
github.com/anemptyemptiness/Go-Rocket-App/order/internal/api/order/v1/funcs.go:51.135,53.16 2 0
github.com/anemptyemptiness/Go-Rocket-App/order/internal/api/order/v1/funcs.go:53.16,57.3 1 0
github.com/anemptyemptiness/Go-Rocket-App/order/internal/api/order/v1/funcs.go:59.2,60.16 2 0
github.com/anemptyemptiness/Go-Rocket-App/order/internal/api/order/v1/funcs.go:60.16,69.3 1 0
github.com/anemptyemptiness/Go-Rocket-App/order/internal/api/order/v1/funcs.go:71.2,73.8 1 0
github.com/anemptyemptiness/Go-Rocket-App/order/internal/api/order/v1/funcs.go:76.114,78.16 2 0
github.com/anemptyemptiness/Go-Rocket-App/order/internal/api/order/v1/funcs.go:78.16,87.3 1 0
github.com/anemptyemptiness/Go-Rocket-App/order/internal/api/order/v1/funcs.go:89.2,89.44 1 0
github.com/anemptyemptiness/Go-Rocket-App/order/internal/service/input/order.go:13.51,15.25 2 0
github.com/anemptyemptiness/Go-Rocket-App/order/internal/service/input/order.go:15.25,17.3 1 0
github.com/anemptyemptiness/Go-Rocket-App/order/internal/service/input/order.go:18.2,18.25 1 0
github.com/anemptyemptiness/Go-Rocket-App/order/internal/service/input/order.go:18.25,20.3 1 0
github.com/anemptyemptiness/Go-Rocket-App/order/internal/service/input/order.go:21.2,21.14 1 0
github.com/anemptyemptiness/Go-Rocket-App/order/internal/service/order/funcs.go:18.83,20.16 2 0
github.com/anemptyemptiness/Go-Rocket-App/order/internal/service/order/funcs.go:20.16,21.44 1 0
github.com/anemptyemptiness/Go-Rocket-App/order/internal/service/order/funcs.go:21.44,23.4 1 0
github.com/anemptyemptiness/Go-Rocket-App/order/internal/service/order/funcs.go:24.3,24.92 1 0
github.com/anemptyemptiness/Go-Rocket-App/order/internal/service/order/funcs.go:27.2,27.19 1 0
github.com/anemptyemptiness/Go-Rocket-App/order/internal/service/order/funcs.go:30.98,31.48 1 0
github.com/anemptyemptiness/Go-Rocket-App/order/internal/service/order/funcs.go:31.48,33.3 1 0
github.com/anemptyemptiness/Go-Rocket-App/order/internal/service/order/funcs.go:34.2,34.24 1 0
github.com/anemptyemptiness/Go-Rocket-App/order/internal/service/order/funcs.go:34.24,36.3 1 0
github.com/anemptyemptiness/Go-Rocket-App/order/internal/service/order/funcs.go:38.2,39.37 2 0
github.com/anemptyemptiness/Go-Rocket-App/order/internal/service/order/funcs.go:39.37,40.15 1 0
github.com/anemptyemptiness/Go-Rocket-App/order/internal/service/order/funcs.go:40.15,42.4 1 0
github.com/anemptyemptiness/Go-Rocket-App/order/internal/service/order/funcs.go:43.3,43.36 1 0
github.com/anemptyemptiness/Go-Rocket-App/order/internal/service/order/funcs.go:43.36,45.4 1 0
github.com/anemptyemptiness/Go-Rocket-App/order/internal/service/order/funcs.go:47.3,47.24 1 0
github.com/anemptyemptiness/Go-Rocket-App/order/internal/service/order/funcs.go:50.2,52.63 2 0
github.com/anemptyemptiness/Go-Rocket-App/order/internal/service/order/funcs.go:52.63,57.17 4 0
github.com/anemptyemptiness/Go-Rocket-App/order/internal/service/order/funcs.go:57.17,59.4 1 0
github.com/anemptyemptiness/Go-Rocket-App/order/internal/service/order/funcs.go:61.3,63.30 3 0
github.com/anemptyemptiness/Go-Rocket-App/order/internal/service/order/funcs.go:63.30,64.31 1 0
github.com/anemptyemptiness/Go-Rocket-App/order/internal/service/order/funcs.go:64.31,66.5 1 0
github.com/anemptyemptiness/Go-Rocket-App/order/internal/service/order/funcs.go:68.4,74.28 2 0
github.com/anemptyemptiness/Go-Rocket-App/order/internal/service/order/funcs.go:77.3,86.17 8 0
github.com/anemptyemptiness/Go-Rocket-App/order/internal/service/order/funcs.go:86.17,88.4 1 0
github.com/anemptyemptiness/Go-Rocket-App/order/internal/service/order/funcs.go:90.3,94.17 4 0
github.com/anemptyemptiness/Go-Rocket-App/order/internal/service/order/funcs.go:94.17,96.4 1 0
github.com/anemptyemptiness/Go-Rocket-App/order/internal/service/order/funcs.go:98.3,99.17 2 0
github.com/anemptyemptiness/Go-Rocket-App/order/internal/service/order/funcs.go:99.17,101.4 1 0
github.com/anemptyemptiness/Go-Rocket-App/order/internal/service/order/funcs.go:103.3,105.13 2 0
github.com/anemptyemptiness/Go-Rocket-App/order/internal/service/order/funcs.go:107.2,107.16 1 0
github.com/anemptyemptiness/Go-Rocket-App/order/internal/service/order/funcs.go:107.16,109.3 1 0
github.com/anemptyemptiness/Go-Rocket-App/order/internal/service/order/funcs.go:111.2,111.19 1 0
github.com/anemptyemptiness/Go-Rocket-App/order/internal/service/order/funcs.go:114.106,117.63 2 0
github.com/anemptyemptiness/Go-Rocket-App/order/internal/service/order/funcs.go:117.63,119.17 2 0
github.com/anemptyemptiness/Go-Rocket-App/order/internal/service/order/funcs.go:119.17,120.45 1 0
github.com/anemptyemptiness/Go-Rocket-App/order/internal/service/order/funcs.go:120.45,122.5 1 0
github.com/anemptyemptiness/Go-Rocket-App/order/internal/service/order/funcs.go:123.4,123.78 1 0
github.com/anemptyemptiness/Go-Rocket-App/order/internal/service/order/funcs.go:126.3,126.23 1 0
github.com/anemptyemptiness/Go-Rocket-App/order/internal/service/order/funcs.go:127.30,128.52 1 0
github.com/anemptyemptiness/Go-Rocket-App/order/internal/service/order/funcs.go:129.35,130.57 1 0
github.com/anemptyemptiness/Go-Rocket-App/order/internal/service/order/funcs.go:131.35,132.50 1 0
github.com/anemptyemptiness/Go-Rocket-App/order/internal/service/order/funcs.go:135.3,135.54 1 0
github.com/anemptyemptiness/Go-Rocket-App/order/internal/service/order/funcs.go:135.54,137.4 1 0
github.com/anemptyemptiness/Go-Rocket-App/order/internal/service/order/funcs.go:139.3,143.17 4 0
github.com/anemptyemptiness/Go-Rocket-App/order/internal/service/order/funcs.go:143.17,145.4 1 0
github.com/anemptyemptiness/Go-Rocket-App/order/internal/service/order/funcs.go:147.3,152.17 5 0
github.com/anemptyemptiness/Go-Rocket-App/order/internal/service/order/funcs.go:152.17,153.45 1 0
github.com/anemptyemptiness/Go-Rocket-App/order/internal/service/order/funcs.go:153.45,155.5 1 0
github.com/anemptyemptiness/Go-Rocket-App/order/internal/service/order/funcs.go:156.4,156.78 1 0
github.com/anemptyemptiness/Go-Rocket-App/order/internal/service/order/funcs.go:159.3,166.17 3 0
github.com/anemptyemptiness/Go-Rocket-App/order/internal/service/order/funcs.go:166.17,168.4 1 0
github.com/anemptyemptiness/Go-Rocket-App/order/internal/service/order/funcs.go:170.3,172.13 2 0
github.com/anemptyemptiness/Go-Rocket-App/order/internal/service/order/funcs.go:174.2,174.16 1 0
github.com/anemptyemptiness/Go-Rocket-App/order/internal/service/order/funcs.go:174.16,176.3 1 0
github.com/anemptyemptiness/Go-Rocket-App/order/internal/service/order/funcs.go:178.2,178.29 1 0
github.com/anemptyemptiness/Go-Rocket-App/order/internal/service/order/funcs.go:181.71,183.16 2 0
github.com/anemptyemptiness/Go-Rocket-App/order/internal/service/order/funcs.go:183.16,184.44 1 0
github.com/anemptyemptiness/Go-Rocket-App/order/internal/service/order/funcs.go:184.44,186.4 1 0
github.com/anemptyemptiness/Go-Rocket-App/order/internal/service/order/funcs.go:187.3,187.77 1 0
github.com/anemptyemptiness/Go-Rocket-App/order/internal/service/order/funcs.go:190.2,190.22 1 0
github.com/anemptyemptiness/Go-Rocket-App/order/internal/service/order/funcs.go:191.29,192.51 1 0
github.com/anemptyemptiness/Go-Rocket-App/order/internal/service/order/funcs.go:193.34,194.56 1 0
github.com/anemptyemptiness/Go-Rocket-App/order/internal/service/order/funcs.go:195.34,196.49 1 0
github.com/anemptyemptiness/Go-Rocket-App/order/internal/service/order/funcs.go:199.2,200.35 2 0
github.com/anemptyemptiness/Go-Rocket-App/order/internal/service/order/funcs.go:200.35,202.3 1 0
github.com/anemptyemptiness/Go-Rocket-App/order/internal/service/order/funcs.go:204.2,209.16 4 0
github.com/anemptyemptiness/Go-Rocket-App/order/internal/service/order/funcs.go:209.16,211.3 1 0
github.com/anemptyemptiness/Go-Rocket-App/order/internal/service/order/funcs.go:213.2,216.16 3 0
github.com/anemptyemptiness/Go-Rocket-App/order/internal/service/order/funcs.go:216.16,217.44 1 0
github.com/anemptyemptiness/Go-Rocket-App/order/internal/service/order/funcs.go:217.44,219.4 1 0
github.com/anemptyemptiness/Go-Rocket-App/order/internal/service/order/funcs.go:220.3,220.77 1 0
github.com/anemptyemptiness/Go-Rocket-App/order/internal/service/order/funcs.go:223.2,223.12 1 0
github.com/anemptyemptiness/Go-Rocket-App/order/internal/service/order/service.go:17.12,25.2 1 0
github.com/anemptyemptiness/Go-Rocket-App/order/internal/api/order/v1/api.go:11.45,15.2 1 0
github.com/anemptyemptiness/Go-Rocket-App/order/internal/api/order/v1/funcs.go:13.105,15.16 2 0
github.com/anemptyemptiness/Go-Rocket-App/order/internal/api/order/v1/funcs.go:15.16,20.3 1 0
github.com/anemptyemptiness/Go-Rocket-App/order/internal/api/order/v1/funcs.go:22.2,22.46 1 0
github.com/anemptyemptiness/Go-Rocket-App/order/internal/api/order/v1/funcs.go:25.113,27.16 2 0
github.com/anemptyemptiness/Go-Rocket-App/order/internal/api/order/v1/funcs.go:27.16,31.3 1 0
github.com/anemptyemptiness/Go-Rocket-App/order/internal/api/order/v1/funcs.go:33.2,34.16 2 0
github.com/anemptyemptiness/Go-Rocket-App/order/internal/api/order/v1/funcs.go:34.16,43.3 1 0
github.com/anemptyemptiness/Go-Rocket-App/order/internal/api/order/v1/funcs.go:45.2,48.8 1 0
github.com/anemptyemptiness/Go-Rocket-App/order/internal/api/order/v1/funcs.go:51.135,53.16 2 0
github.com/anemptyemptiness/Go-Rocket-App/order/internal/api/order/v1/funcs.go:53.16,57.3 1 0
github.com/anemptyemptiness/Go-Rocket-App/order/internal/api/order/v1/funcs.go:59.2,60.16 2 0
github.com/anemptyemptiness/Go-Rocket-App/order/internal/api/order/v1/funcs.go:60.16,69.3 1 0
github.com/anemptyemptiness/Go-Rocket-App/order/internal/api/order/v1/funcs.go:71.2,73.8 1 0
github.com/anemptyemptiness/Go-Rocket-App/order/internal/api/order/v1/funcs.go:76.114,78.16 2 0
github.com/anemptyemptiness/Go-Rocket-App/order/internal/api/order/v1/funcs.go:78.16,87.3 1 0
github.com/anemptyemptiness/Go-Rocket-App/order/internal/api/order/v1/funcs.go:89.2,89.44 1 0
github.com/anemptyemptiness/Go-Rocket-App/order/internal/service/input/order.go:13.51,15.25 2 0
github.com/anemptyemptiness/Go-Rocket-App/order/internal/service/input/order.go:15.25,17.3 1 0
github.com/anemptyemptiness/Go-Rocket-App/order/internal/service/input/order.go:18.2,18.25 1 0
github.com/anemptyemptiness/Go-Rocket-App/order/internal/service/input/order.go:18.25,20.3 1 0
github.com/anemptyemptiness/Go-Rocket-App/order/internal/service/input/order.go:21.2,21.14 1 0
github.com/anemptyemptiness/Go-Rocket-App/order/internal/service/order/funcs.go:18.83,20.16 2 0
github.com/anemptyemptiness/Go-Rocket-App/order/internal/service/order/funcs.go:20.16,21.44 1 0
github.com/anemptyemptiness/Go-Rocket-App/order/internal/service/order/funcs.go:21.44,23.4 1 0
github.com/anemptyemptiness/Go-Rocket-App/order/internal/service/order/funcs.go:24.3,24.92 1 0
github.com/anemptyemptiness/Go-Rocket-App/order/internal/service/order/funcs.go:27.2,27.19 1 0
github.com/anemptyemptiness/Go-Rocket-App/order/internal/service/order/funcs.go:30.98,31.48 1 0
github.com/anemptyemptiness/Go-Rocket-App/order/internal/service/order/funcs.go:31.48,33.3 1 0
github.com/anemptyemptiness/Go-Rocket-App/order/internal/service/order/funcs.go:34.2,34.24 1 0
github.com/anemptyemptiness/Go-Rocket-App/order/internal/service/order/funcs.go:34.24,36.3 1 0
github.com/anemptyemptiness/Go-Rocket-App/order/internal/service/order/funcs.go:38.2,39.37 2 0
github.com/anemptyemptiness/Go-Rocket-App/order/internal/service/order/funcs.go:39.37,40.15 1 0
github.com/anemptyemptiness/Go-Rocket-App/order/internal/service/order/funcs.go:40.15,42.4 1 0
github.com/anemptyemptiness/Go-Rocket-App/order/internal/service/order/funcs.go:43.3,43.36 1 0
github.com/anemptyemptiness/Go-Rocket-App/order/internal/service/order/funcs.go:43.36,45.4 1 0
github.com/anemptyemptiness/Go-Rocket-App/order/internal/service/order/funcs.go:47.3,47.24 1 0
github.com/anemptyemptiness/Go-Rocket-App/order/internal/service/order/funcs.go:50.2,52.63 2 0
github.com/anemptyemptiness/Go-Rocket-App/order/internal/service/order/funcs.go:52.63,57.17 4 0
github.com/anemptyemptiness/Go-Rocket-App/order/internal/service/order/funcs.go:57.17,59.4 1 0
github.com/anemptyemptiness/Go-Rocket-App/order/internal/service/order/funcs.go:61.3,63.30 3 0
github.com/anemptyemptiness/Go-Rocket-App/order/internal/service/order/funcs.go:63.30,64.31 1 0
github.com/anemptyemptiness/Go-Rocket-App/order/internal/service/order/funcs.go:64.31,66.5 1 0
github.com/anemptyemptiness/Go-Rocket-App/order/internal/service/order/funcs.go:68.4,74.28 2 0
github.com/anemptyemptiness/Go-Rocket-App/order/internal/service/order/funcs.go:77.3,86.17 8 0
github.com/anemptyemptiness/Go-Rocket-App/order/internal/service/order/funcs.go:86.17,88.4 1 0
github.com/anemptyemptiness/Go-Rocket-App/order/internal/service/order/funcs.go:90.3,94.17 4 0
github.com/anemptyemptiness/Go-Rocket-App/order/internal/service/order/funcs.go:94.17,96.4 1 0
github.com/anemptyemptiness/Go-Rocket-App/order/internal/service/order/funcs.go:98.3,99.17 2 0
github.com/anemptyemptiness/Go-Rocket-App/order/internal/service/order/funcs.go:99.17,101.4 1 0
github.com/anemptyemptiness/Go-Rocket-App/order/internal/service/order/funcs.go:103.3,105.13 2 0
github.com/anemptyemptiness/Go-Rocket-App/order/internal/service/order/funcs.go:107.2,107.16 1 0
github.com/anemptyemptiness/Go-Rocket-App/order/internal/service/order/funcs.go:107.16,109.3 1 0
github.com/anemptyemptiness/Go-Rocket-App/order/internal/service/order/funcs.go:111.2,111.19 1 0
github.com/anemptyemptiness/Go-Rocket-App/order/internal/service/order/funcs.go:114.106,117.63 2 0
github.com/anemptyemptiness/Go-Rocket-App/order/internal/service/order/funcs.go:117.63,119.17 2 0
github.com/anemptyemptiness/Go-Rocket-App/order/internal/service/order/funcs.go:119.17,120.45 1 0
github.com/anemptyemptiness/Go-Rocket-App/order/internal/service/order/funcs.go:120.45,122.5 1 0
github.com/anemptyemptiness/Go-Rocket-App/order/internal/service/order/funcs.go:123.4,123.78 1 0
github.com/anemptyemptiness/Go-Rocket-App/order/internal/service/order/funcs.go:126.3,126.23 1 0
github.com/anemptyemptiness/Go-Rocket-App/order/internal/service/order/funcs.go:127.30,128.52 1 0
github.com/anemptyemptiness/Go-Rocket-App/order/internal/service/order/funcs.go:129.35,130.57 1 0
github.com/anemptyemptiness/Go-Rocket-App/order/internal/service/order/funcs.go:131.35,132.50 1 0
github.com/anemptyemptiness/Go-Rocket-App/order/internal/service/order/funcs.go:135.3,135.54 1 0
github.com/anemptyemptiness/Go-Rocket-App/order/internal/service/order/funcs.go:135.54,137.4 1 0
github.com/anemptyemptiness/Go-Rocket-App/order/internal/service/order/funcs.go:139.3,143.17 4 0
github.com/anemptyemptiness/Go-Rocket-App/order/internal/service/order/funcs.go:143.17,145.4 1 0
github.com/anemptyemptiness/Go-Rocket-App/order/internal/service/order/funcs.go:147.3,152.17 5 0
github.com/anemptyemptiness/Go-Rocket-App/order/internal/service/order/funcs.go:152.17,153.45 1 0
github.com/anemptyemptiness/Go-Rocket-App/order/internal/service/order/funcs.go:153.45,155.5 1 0
github.com/anemptyemptiness/Go-Rocket-App/order/internal/service/order/funcs.go:156.4,156.78 1 0
github.com/anemptyemptiness/Go-Rocket-App/order/internal/service/order/funcs.go:159.3,166.17 3 0
github.com/anemptyemptiness/Go-Rocket-App/order/internal/service/order/funcs.go:166.17,168.4 1 0
github.com/anemptyemptiness/Go-Rocket-App/order/internal/service/order/funcs.go:170.3,172.13 2 0
github.com/anemptyemptiness/Go-Rocket-App/order/internal/service/order/funcs.go:174.2,174.16 1 0
github.com/anemptyemptiness/Go-Rocket-App/order/internal/service/order/funcs.go:174.16,176.3 1 0
github.com/anemptyemptiness/Go-Rocket-App/order/internal/service/order/funcs.go:178.2,178.29 1 0
github.com/anemptyemptiness/Go-Rocket-App/order/internal/service/order/funcs.go:181.71,183.16 2 0
github.com/anemptyemptiness/Go-Rocket-App/order/internal/service/order/funcs.go:183.16,184.44 1 0
github.com/anemptyemptiness/Go-Rocket-App/order/internal/service/order/funcs.go:184.44,186.4 1 0
github.com/anemptyemptiness/Go-Rocket-App/order/internal/service/order/funcs.go:187.3,187.77 1 0
github.com/anemptyemptiness/Go-Rocket-App/order/internal/service/order/funcs.go:190.2,190.22 1 0
github.com/anemptyemptiness/Go-Rocket-App/order/internal/service/order/funcs.go:191.29,192.51 1 0
github.com/anemptyemptiness/Go-Rocket-App/order/internal/service/order/funcs.go:193.34,194.56 1 0
github.com/anemptyemptiness/Go-Rocket-App/order/internal/service/order/funcs.go:195.34,196.49 1 0
github.com/anemptyemptiness/Go-Rocket-App/order/internal/service/order/funcs.go:199.2,200.35 2 0
github.com/anemptyemptiness/Go-Rocket-App/order/internal/service/order/funcs.go:200.35,202.3 1 0
github.com/anemptyemptiness/Go-Rocket-App/order/internal/service/order/funcs.go:204.2,209.16 4 0
github.com/anemptyemptiness/Go-Rocket-App/order/internal/service/order/funcs.go:209.16,211.3 1 0
github.com/anemptyemptiness/Go-Rocket-App/order/internal/service/order/funcs.go:213.2,216.16 3 0
github.com/anemptyemptiness/Go-Rocket-App/order/internal/service/order/funcs.go:216.16,217.44 1 0
github.com/anemptyemptiness/Go-Rocket-App/order/internal/service/order/funcs.go:217.44,219.4 1 0
github.com/anemptyemptiness/Go-Rocket-App/order/internal/service/order/funcs.go:220.3,220.77 1 0
github.com/anemptyemptiness/Go-Rocket-App/order/internal/service/order/funcs.go:223.2,223.12 1 0
github.com/anemptyemptiness/Go-Rocket-App/order/internal/service/order/service.go:17.12,25.2 1 0
github.com/anemptyemptiness/Go-Rocket-App/order/internal/api/order/v1/api.go:11.45,15.2 1 0
github.com/anemptyemptiness/Go-Rocket-App/order/internal/api/order/v1/funcs.go:13.105,15.16 2 0
github.com/anemptyemptiness/Go-Rocket-App/order/internal/api/order/v1/funcs.go:15.16,20.3 1 0
github.com/anemptyemptiness/Go-Rocket-App/order/internal/api/order/v1/funcs.go:22.2,22.46 1 0
github.com/anemptyemptiness/Go-Rocket-App/order/internal/api/order/v1/funcs.go:25.113,27.16 2 0
github.com/anemptyemptiness/Go-Rocket-App/order/internal/api/order/v1/funcs.go:27.16,31.3 1 0
github.com/anemptyemptiness/Go-Rocket-App/order/internal/api/order/v1/funcs.go:33.2,34.16 2 0
github.com/anemptyemptiness/Go-Rocket-App/order/internal/api/order/v1/funcs.go:34.16,43.3 1 0
github.com/anemptyemptiness/Go-Rocket-App/order/internal/api/order/v1/funcs.go:45.2,48.8 1 0
github.com/anemptyemptiness/Go-Rocket-App/order/internal/api/order/v1/funcs.go:51.135,53.16 2 0
github.com/anemptyemptiness/Go-Rocket-App/order/internal/api/order/v1/funcs.go:53.16,57.3 1 0
github.com/anemptyemptiness/Go-Rocket-App/order/internal/api/order/v1/funcs.go:59.2,60.16 2 0
github.com/anemptyemptiness/Go-Rocket-App/order/internal/api/order/v1/funcs.go:60.16,69.3 1 0
github.com/anemptyemptiness/Go-Rocket-App/order/internal/api/order/v1/funcs.go:71.2,73.8 1 0
github.com/anemptyemptiness/Go-Rocket-App/order/internal/api/order/v1/funcs.go:76.114,78.16 2 0
github.com/anemptyemptiness/Go-Rocket-App/order/internal/api/order/v1/funcs.go:78.16,87.3 1 0
github.com/anemptyemptiness/Go-Rocket-App/order/internal/api/order/v1/funcs.go:89.2,89.44 1 0
github.com/anemptyemptiness/Go-Rocket-App/order/internal/service/input/order.go:13.51,15.25 2 0
github.com/anemptyemptiness/Go-Rocket-App/order/internal/service/input/order.go:15.25,17.3 1 0
github.com/anemptyemptiness/Go-Rocket-App/order/internal/service/input/order.go:18.2,18.25 1 0
github.com/anemptyemptiness/Go-Rocket-App/order/internal/service/input/order.go:18.25,20.3 1 0
github.com/anemptyemptiness/Go-Rocket-App/order/internal/service/input/order.go:21.2,21.14 1 0
github.com/anemptyemptiness/Go-Rocket-App/order/internal/service/order/funcs.go:18.83,20.16 2 0
github.com/anemptyemptiness/Go-Rocket-App/order/internal/service/order/funcs.go:20.16,21.44 1 0
github.com/anemptyemptiness/Go-Rocket-App/order/internal/service/order/funcs.go:21.44,23.4 1 0
github.com/anemptyemptiness/Go-Rocket-App/order/internal/service/order/funcs.go:24.3,24.92 1 0
github.com/anemptyemptiness/Go-Rocket-App/order/internal/service/order/funcs.go:27.2,27.19 1 0
github.com/anemptyemptiness/Go-Rocket-App/order/internal/service/order/funcs.go:30.98,31.48 1 0
github.com/anemptyemptiness/Go-Rocket-App/order/internal/service/order/funcs.go:31.48,33.3 1 0
github.com/anemptyemptiness/Go-Rocket-App/order/internal/service/order/funcs.go:34.2,34.24 1 0
github.com/anemptyemptiness/Go-Rocket-App/order/internal/service/order/funcs.go:34.24,36.3 1 0
github.com/anemptyemptiness/Go-Rocket-App/order/internal/service/order/funcs.go:38.2,39.37 2 0
github.com/anemptyemptiness/Go-Rocket-App/order/internal/service/order/funcs.go:39.37,40.15 1 0
github.com/anemptyemptiness/Go-Rocket-App/order/internal/service/order/funcs.go:40.15,42.4 1 0
github.com/anemptyemptiness/Go-Rocket-App/order/internal/service/order/funcs.go:43.3,43.36 1 0
github.com/anemptyemptiness/Go-Rocket-App/order/internal/service/order/funcs.go:43.36,45.4 1 0
github.com/anemptyemptiness/Go-Rocket-App/order/internal/service/order/funcs.go:47.3,47.24 1 0
github.com/anemptyemptiness/Go-Rocket-App/order/internal/service/order/funcs.go:50.2,52.63 2 0
github.com/anemptyemptiness/Go-Rocket-App/order/internal/service/order/funcs.go:52.63,57.17 4 0
github.com/anemptyemptiness/Go-Rocket-App/order/internal/service/order/funcs.go:57.17,59.4 1 0
github.com/anemptyemptiness/Go-Rocket-App/order/internal/service/order/funcs.go:61.3,63.30 3 0
github.com/anemptyemptiness/Go-Rocket-App/order/internal/service/order/funcs.go:63.30,64.31 1 0
github.com/anemptyemptiness/Go-Rocket-App/order/internal/service/order/funcs.go:64.31,66.5 1 0
github.com/anemptyemptiness/Go-Rocket-App/order/internal/service/order/funcs.go:68.4,74.28 2 0
github.com/anemptyemptiness/Go-Rocket-App/order/internal/service/order/funcs.go:77.3,86.17 8 0
github.com/anemptyemptiness/Go-Rocket-App/order/internal/service/order/funcs.go:86.17,88.4 1 0
github.com/anemptyemptiness/Go-Rocket-App/order/internal/service/order/funcs.go:90.3,94.17 4 0
github.com/anemptyemptiness/Go-Rocket-App/order/internal/service/order/funcs.go:94.17,96.4 1 0
github.com/anemptyemptiness/Go-Rocket-App/order/internal/service/order/funcs.go:98.3,99.17 2 0
github.com/anemptyemptiness/Go-Rocket-App/order/internal/service/order/funcs.go:99.17,101.4 1 0
github.com/anemptyemptiness/Go-Rocket-App/order/internal/service/order/funcs.go:103.3,105.13 2 0
github.com/anemptyemptiness/Go-Rocket-App/order/internal/service/order/funcs.go:107.2,107.16 1 0
github.com/anemptyemptiness/Go-Rocket-App/order/internal/service/order/funcs.go:107.16,109.3 1 0
github.com/anemptyemptiness/Go-Rocket-App/order/internal/service/order/funcs.go:111.2,111.19 1 0
github.com/anemptyemptiness/Go-Rocket-App/order/internal/service/order/funcs.go:114.106,117.63 2 0
github.com/anemptyemptiness/Go-Rocket-App/order/internal/service/order/funcs.go:117.63,119.17 2 0
github.com/anemptyemptiness/Go-Rocket-App/order/internal/service/order/funcs.go:119.17,120.45 1 0
github.com/anemptyemptiness/Go-Rocket-App/order/internal/service/order/funcs.go:120.45,122.5 1 0
github.com/anemptyemptiness/Go-Rocket-App/order/internal/service/order/funcs.go:123.4,123.78 1 0
github.com/anemptyemptiness/Go-Rocket-App/order/internal/service/order/funcs.go:126.3,126.23 1 0
github.com/anemptyemptiness/Go-Rocket-App/order/internal/service/order/funcs.go:127.30,128.52 1 0
github.com/anemptyemptiness/Go-Rocket-App/order/internal/service/order/funcs.go:129.35,130.57 1 0
github.com/anemptyemptiness/Go-Rocket-App/order/internal/service/order/funcs.go:131.35,132.50 1 0
github.com/anemptyemptiness/Go-Rocket-App/order/internal/service/order/funcs.go:135.3,135.54 1 0
github.com/anemptyemptiness/Go-Rocket-App/order/internal/service/order/funcs.go:135.54,137.4 1 0
github.com/anemptyemptiness/Go-Rocket-App/order/internal/service/order/funcs.go:139.3,143.17 4 0
github.com/anemptyemptiness/Go-Rocket-App/order/internal/service/order/funcs.go:143.17,145.4 1 0
github.com/anemptyemptiness/Go-Rocket-App/order/internal/service/order/funcs.go:147.3,152.17 5 0
github.com/anemptyemptiness/Go-Rocket-App/order/internal/service/order/funcs.go:152.17,153.45 1 0
github.com/anemptyemptiness/Go-Rocket-App/order/internal/service/order/funcs.go:153.45,155.5 1 0
github.com/anemptyemptiness/Go-Rocket-App/order/internal/service/order/funcs.go:156.4,156.78 1 0
github.com/anemptyemptiness/Go-Rocket-App/order/internal/service/order/funcs.go:159.3,166.17 3 0
github.com/anemptyemptiness/Go-Rocket-App/order/internal/service/order/funcs.go:166.17,168.4 1 0
github.com/anemptyemptiness/Go-Rocket-App/order/internal/service/order/funcs.go:170.3,172.13 2 0
github.com/anemptyemptiness/Go-Rocket-App/order/internal/service/order/funcs.go:174.2,174.16 1 0
github.com/anemptyemptiness/Go-Rocket-App/order/internal/service/order/funcs.go:174.16,176.3 1 0
github.com/anemptyemptiness/Go-Rocket-App/order/internal/service/order/funcs.go:178.2,178.29 1 0
github.com/anemptyemptiness/Go-Rocket-App/order/internal/service/order/funcs.go:181.71,183.16 2 0
github.com/anemptyemptiness/Go-Rocket-App/order/internal/service/order/funcs.go:183.16,184.44 1 0
github.com/anemptyemptiness/Go-Rocket-App/order/internal/service/order/funcs.go:184.44,186.4 1 0
github.com/anemptyemptiness/Go-Rocket-App/order/internal/service/order/funcs.go:187.3,187.77 1 0
github.com/anemptyemptiness/Go-Rocket-App/order/internal/service/order/funcs.go:190.2,190.22 1 0
github.com/anemptyemptiness/Go-Rocket-App/order/internal/service/order/funcs.go:191.29,192.51 1 0
github.com/anemptyemptiness/Go-Rocket-App/order/internal/service/order/funcs.go:193.34,194.56 1 0
github.com/anemptyemptiness/Go-Rocket-App/order/internal/service/order/funcs.go:195.34,196.49 1 0
github.com/anemptyemptiness/Go-Rocket-App/order/internal/service/order/funcs.go:199.2,200.35 2 0
github.com/anemptyemptiness/Go-Rocket-App/order/internal/service/order/funcs.go:200.35,202.3 1 0
github.com/anemptyemptiness/Go-Rocket-App/order/internal/service/order/funcs.go:204.2,209.16 4 0
github.com/anemptyemptiness/Go-Rocket-App/order/internal/service/order/funcs.go:209.16,211.3 1 0
github.com/anemptyemptiness/Go-Rocket-App/order/internal/service/order/funcs.go:213.2,216.16 3 0
github.com/anemptyemptiness/Go-Rocket-App/order/internal/service/order/funcs.go:216.16,217.44 1 0
github.com/anemptyemptiness/Go-Rocket-App/order/internal/service/order/funcs.go:217.44,219.4 1 0
github.com/anemptyemptiness/Go-Rocket-App/order/internal/service/order/funcs.go:220.3,220.77 1 0
github.com/anemptyemptiness/Go-Rocket-App/order/internal/service/order/funcs.go:223.2,223.12 1 0
github.com/anemptyemptiness/Go-Rocket-App/order/internal/service/order/service.go:17.12,25.2 1 0
github.com/anemptyemptiness/Go-Rocket-App/order/internal/api/order/v1/api.go:11.45,15.2 1 20
github.com/anemptyemptiness/Go-Rocket-App/order/internal/api/order/v1/funcs.go:13.105,15.16 2 3
github.com/anemptyemptiness/Go-Rocket-App/order/internal/api/order/v1/funcs.go:15.16,20.3 1 2
github.com/anemptyemptiness/Go-Rocket-App/order/internal/api/order/v1/funcs.go:22.2,22.46 1 1
github.com/anemptyemptiness/Go-Rocket-App/order/internal/api/order/v1/funcs.go:25.113,27.16 2 6
github.com/anemptyemptiness/Go-Rocket-App/order/internal/api/order/v1/funcs.go:27.16,31.3 1 1
github.com/anemptyemptiness/Go-Rocket-App/order/internal/api/order/v1/funcs.go:33.2,34.16 2 5
github.com/anemptyemptiness/Go-Rocket-App/order/internal/api/order/v1/funcs.go:34.16,43.3 1 4
github.com/anemptyemptiness/Go-Rocket-App/order/internal/api/order/v1/funcs.go:45.2,48.8 1 1
github.com/anemptyemptiness/Go-Rocket-App/order/internal/api/order/v1/funcs.go:51.135,53.16 2 6
github.com/anemptyemptiness/Go-Rocket-App/order/internal/api/order/v1/funcs.go:53.16,57.3 1 1
github.com/anemptyemptiness/Go-Rocket-App/order/internal/api/order/v1/funcs.go:59.2,60.16 2 5
github.com/anemptyemptiness/Go-Rocket-App/order/internal/api/order/v1/funcs.go:60.16,69.3 1 4
github.com/anemptyemptiness/Go-Rocket-App/order/internal/api/order/v1/funcs.go:71.2,73.8 1 1
github.com/anemptyemptiness/Go-Rocket-App/order/internal/api/order/v1/funcs.go:76.114,78.16 2 5
github.com/anemptyemptiness/Go-Rocket-App/order/internal/api/order/v1/funcs.go:78.16,87.3 1 4
github.com/anemptyemptiness/Go-Rocket-App/order/internal/api/order/v1/funcs.go:89.2,89.44 1 1
github.com/anemptyemptiness/Go-Rocket-App/order/internal/service/input/order.go:13.51,15.25 2 0
github.com/anemptyemptiness/Go-Rocket-App/order/internal/service/input/order.go:15.25,17.3 1 0
github.com/anemptyemptiness/Go-Rocket-App/order/internal/service/input/order.go:18.2,18.25 1 0
github.com/anemptyemptiness/Go-Rocket-App/order/internal/service/input/order.go:18.25,20.3 1 0
github.com/anemptyemptiness/Go-Rocket-App/order/internal/service/input/order.go:21.2,21.14 1 0
github.com/anemptyemptiness/Go-Rocket-App/order/internal/service/order/funcs.go:18.83,20.16 2 0
github.com/anemptyemptiness/Go-Rocket-App/order/internal/service/order/funcs.go:20.16,21.44 1 0
github.com/anemptyemptiness/Go-Rocket-App/order/internal/service/order/funcs.go:21.44,23.4 1 0
github.com/anemptyemptiness/Go-Rocket-App/order/internal/service/order/funcs.go:24.3,24.92 1 0
github.com/anemptyemptiness/Go-Rocket-App/order/internal/service/order/funcs.go:27.2,27.19 1 0
github.com/anemptyemptiness/Go-Rocket-App/order/internal/service/order/funcs.go:30.98,31.48 1 0
github.com/anemptyemptiness/Go-Rocket-App/order/internal/service/order/funcs.go:31.48,33.3 1 0
github.com/anemptyemptiness/Go-Rocket-App/order/internal/service/order/funcs.go:34.2,34.24 1 0
github.com/anemptyemptiness/Go-Rocket-App/order/internal/service/order/funcs.go:34.24,36.3 1 0
github.com/anemptyemptiness/Go-Rocket-App/order/internal/service/order/funcs.go:38.2,39.37 2 0
github.com/anemptyemptiness/Go-Rocket-App/order/internal/service/order/funcs.go:39.37,40.15 1 0
github.com/anemptyemptiness/Go-Rocket-App/order/internal/service/order/funcs.go:40.15,42.4 1 0
github.com/anemptyemptiness/Go-Rocket-App/order/internal/service/order/funcs.go:43.3,43.36 1 0
github.com/anemptyemptiness/Go-Rocket-App/order/internal/service/order/funcs.go:43.36,45.4 1 0
github.com/anemptyemptiness/Go-Rocket-App/order/internal/service/order/funcs.go:47.3,47.24 1 0
github.com/anemptyemptiness/Go-Rocket-App/order/internal/service/order/funcs.go:50.2,52.63 2 0
github.com/anemptyemptiness/Go-Rocket-App/order/internal/service/order/funcs.go:52.63,57.17 4 0
github.com/anemptyemptiness/Go-Rocket-App/order/internal/service/order/funcs.go:57.17,59.4 1 0
github.com/anemptyemptiness/Go-Rocket-App/order/internal/service/order/funcs.go:61.3,63.30 3 0
github.com/anemptyemptiness/Go-Rocket-App/order/internal/service/order/funcs.go:63.30,64.31 1 0
github.com/anemptyemptiness/Go-Rocket-App/order/internal/service/order/funcs.go:64.31,66.5 1 0
github.com/anemptyemptiness/Go-Rocket-App/order/internal/service/order/funcs.go:68.4,74.28 2 0
github.com/anemptyemptiness/Go-Rocket-App/order/internal/service/order/funcs.go:77.3,86.17 8 0
github.com/anemptyemptiness/Go-Rocket-App/order/internal/service/order/funcs.go:86.17,88.4 1 0
github.com/anemptyemptiness/Go-Rocket-App/order/internal/service/order/funcs.go:90.3,94.17 4 0
github.com/anemptyemptiness/Go-Rocket-App/order/internal/service/order/funcs.go:94.17,96.4 1 0
github.com/anemptyemptiness/Go-Rocket-App/order/internal/service/order/funcs.go:98.3,99.17 2 0
github.com/anemptyemptiness/Go-Rocket-App/order/internal/service/order/funcs.go:99.17,101.4 1 0
github.com/anemptyemptiness/Go-Rocket-App/order/internal/service/order/funcs.go:103.3,105.13 2 0
github.com/anemptyemptiness/Go-Rocket-App/order/internal/service/order/funcs.go:107.2,107.16 1 0
github.com/anemptyemptiness/Go-Rocket-App/order/internal/service/order/funcs.go:107.16,109.3 1 0
github.com/anemptyemptiness/Go-Rocket-App/order/internal/service/order/funcs.go:111.2,111.19 1 0
github.com/anemptyemptiness/Go-Rocket-App/order/internal/service/order/funcs.go:114.106,117.63 2 0
github.com/anemptyemptiness/Go-Rocket-App/order/internal/service/order/funcs.go:117.63,119.17 2 0
github.com/anemptyemptiness/Go-Rocket-App/order/internal/service/order/funcs.go:119.17,120.45 1 0
github.com/anemptyemptiness/Go-Rocket-App/order/internal/service/order/funcs.go:120.45,122.5 1 0
github.com/anemptyemptiness/Go-Rocket-App/order/internal/service/order/funcs.go:123.4,123.78 1 0
github.com/anemptyemptiness/Go-Rocket-App/order/internal/service/order/funcs.go:126.3,126.23 1 0
github.com/anemptyemptiness/Go-Rocket-App/order/internal/service/order/funcs.go:127.30,128.52 1 0
github.com/anemptyemptiness/Go-Rocket-App/order/internal/service/order/funcs.go:129.35,130.57 1 0
github.com/anemptyemptiness/Go-Rocket-App/order/internal/service/order/funcs.go:131.35,132.50 1 0
github.com/anemptyemptiness/Go-Rocket-App/order/internal/service/order/funcs.go:135.3,135.54 1 0
github.com/anemptyemptiness/Go-Rocket-App/order/internal/service/order/funcs.go:135.54,137.4 1 0
github.com/anemptyemptiness/Go-Rocket-App/order/internal/service/order/funcs.go:139.3,143.17 4 0
github.com/anemptyemptiness/Go-Rocket-App/order/internal/service/order/funcs.go:143.17,145.4 1 0
github.com/anemptyemptiness/Go-Rocket-App/order/internal/service/order/funcs.go:147.3,152.17 5 0
github.com/anemptyemptiness/Go-Rocket-App/order/internal/service/order/funcs.go:152.17,153.45 1 0
github.com/anemptyemptiness/Go-Rocket-App/order/internal/service/order/funcs.go:153.45,155.5 1 0
github.com/anemptyemptiness/Go-Rocket-App/order/internal/service/order/funcs.go:156.4,156.78 1 0
github.com/anemptyemptiness/Go-Rocket-App/order/internal/service/order/funcs.go:159.3,166.17 3 0
github.com/anemptyemptiness/Go-Rocket-App/order/internal/service/order/funcs.go:166.17,168.4 1 0
github.com/anemptyemptiness/Go-Rocket-App/order/internal/service/order/funcs.go:170.3,172.13 2 0
github.com/anemptyemptiness/Go-Rocket-App/order/internal/service/order/funcs.go:174.2,174.16 1 0
github.com/anemptyemptiness/Go-Rocket-App/order/internal/service/order/funcs.go:174.16,176.3 1 0
github.com/anemptyemptiness/Go-Rocket-App/order/internal/service/order/funcs.go:178.2,178.29 1 0
github.com/anemptyemptiness/Go-Rocket-App/order/internal/service/order/funcs.go:181.71,183.16 2 0
github.com/anemptyemptiness/Go-Rocket-App/order/internal/service/order/funcs.go:183.16,184.44 1 0
github.com/anemptyemptiness/Go-Rocket-App/order/internal/service/order/funcs.go:184.44,186.4 1 0
github.com/anemptyemptiness/Go-Rocket-App/order/internal/service/order/funcs.go:187.3,187.77 1 0
github.com/anemptyemptiness/Go-Rocket-App/order/internal/service/order/funcs.go:190.2,190.22 1 0
github.com/anemptyemptiness/Go-Rocket-App/order/internal/service/order/funcs.go:191.29,192.51 1 0
github.com/anemptyemptiness/Go-Rocket-App/order/internal/service/order/funcs.go:193.34,194.56 1 0
github.com/anemptyemptiness/Go-Rocket-App/order/internal/service/order/funcs.go:195.34,196.49 1 0
github.com/anemptyemptiness/Go-Rocket-App/order/internal/service/order/funcs.go:199.2,200.35 2 0
github.com/anemptyemptiness/Go-Rocket-App/order/internal/service/order/funcs.go:200.35,202.3 1 0
github.com/anemptyemptiness/Go-Rocket-App/order/internal/service/order/funcs.go:204.2,209.16 4 0
github.com/anemptyemptiness/Go-Rocket-App/order/internal/service/order/funcs.go:209.16,211.3 1 0
github.com/anemptyemptiness/Go-Rocket-App/order/internal/service/order/funcs.go:213.2,216.16 3 0
github.com/anemptyemptiness/Go-Rocket-App/order/internal/service/order/funcs.go:216.16,217.44 1 0
github.com/anemptyemptiness/Go-Rocket-App/order/internal/service/order/funcs.go:217.44,219.4 1 0
github.com/anemptyemptiness/Go-Rocket-App/order/internal/service/order/funcs.go:220.3,220.77 1 0
github.com/anemptyemptiness/Go-Rocket-App/order/internal/service/order/funcs.go:223.2,223.12 1 0
github.com/anemptyemptiness/Go-Rocket-App/order/internal/service/order/service.go:17.12,25.2 1 0
github.com/anemptyemptiness/Go-Rocket-App/order/internal/api/order/v1/api.go:11.45,15.2 1 0
github.com/anemptyemptiness/Go-Rocket-App/order/internal/api/order/v1/funcs.go:13.105,15.16 2 0
github.com/anemptyemptiness/Go-Rocket-App/order/internal/api/order/v1/funcs.go:15.16,20.3 1 0
github.com/anemptyemptiness/Go-Rocket-App/order/internal/api/order/v1/funcs.go:22.2,22.46 1 0
github.com/anemptyemptiness/Go-Rocket-App/order/internal/api/order/v1/funcs.go:25.113,27.16 2 0
github.com/anemptyemptiness/Go-Rocket-App/order/internal/api/order/v1/funcs.go:27.16,31.3 1 0
github.com/anemptyemptiness/Go-Rocket-App/order/internal/api/order/v1/funcs.go:33.2,34.16 2 0
github.com/anemptyemptiness/Go-Rocket-App/order/internal/api/order/v1/funcs.go:34.16,43.3 1 0
github.com/anemptyemptiness/Go-Rocket-App/order/internal/api/order/v1/funcs.go:45.2,48.8 1 0
github.com/anemptyemptiness/Go-Rocket-App/order/internal/api/order/v1/funcs.go:51.135,53.16 2 0
github.com/anemptyemptiness/Go-Rocket-App/order/internal/api/order/v1/funcs.go:53.16,57.3 1 0
github.com/anemptyemptiness/Go-Rocket-App/order/internal/api/order/v1/funcs.go:59.2,60.16 2 0
github.com/anemptyemptiness/Go-Rocket-App/order/internal/api/order/v1/funcs.go:60.16,69.3 1 0
github.com/anemptyemptiness/Go-Rocket-App/order/internal/api/order/v1/funcs.go:71.2,73.8 1 0
github.com/anemptyemptiness/Go-Rocket-App/order/internal/api/order/v1/funcs.go:76.114,78.16 2 0
github.com/anemptyemptiness/Go-Rocket-App/order/internal/api/order/v1/funcs.go:78.16,87.3 1 0
github.com/anemptyemptiness/Go-Rocket-App/order/internal/api/order/v1/funcs.go:89.2,89.44 1 0
github.com/anemptyemptiness/Go-Rocket-App/order/internal/service/input/order.go:13.51,15.25 2 16
github.com/anemptyemptiness/Go-Rocket-App/order/internal/service/input/order.go:15.25,17.3 1 3
github.com/anemptyemptiness/Go-Rocket-App/order/internal/service/input/order.go:18.2,18.25 1 16
github.com/anemptyemptiness/Go-Rocket-App/order/internal/service/input/order.go:18.25,20.3 1 4
github.com/anemptyemptiness/Go-Rocket-App/order/internal/service/input/order.go:21.2,21.14 1 16
github.com/anemptyemptiness/Go-Rocket-App/order/internal/service/order/funcs.go:18.83,20.16 2 3
github.com/anemptyemptiness/Go-Rocket-App/order/internal/service/order/funcs.go:20.16,21.44 1 2
github.com/anemptyemptiness/Go-Rocket-App/order/internal/service/order/funcs.go:21.44,23.4 1 1
github.com/anemptyemptiness/Go-Rocket-App/order/internal/service/order/funcs.go:24.3,24.92 1 1
github.com/anemptyemptiness/Go-Rocket-App/order/internal/service/order/funcs.go:27.2,27.19 1 1
github.com/anemptyemptiness/Go-Rocket-App/order/internal/service/order/funcs.go:30.98,31.48 1 8
github.com/anemptyemptiness/Go-Rocket-App/order/internal/service/order/funcs.go:31.48,33.3 1 1
github.com/anemptyemptiness/Go-Rocket-App/order/internal/service/order/funcs.go:34.2,34.24 1 7
github.com/anemptyemptiness/Go-Rocket-App/order/internal/service/order/funcs.go:34.24,36.3 1 0
github.com/anemptyemptiness/Go-Rocket-App/order/internal/service/order/funcs.go:38.2,39.37 2 7
github.com/anemptyemptiness/Go-Rocket-App/order/internal/service/order/funcs.go:39.37,40.15 1 17
github.com/anemptyemptiness/Go-Rocket-App/order/internal/service/order/funcs.go:40.15,42.4 1 1
github.com/anemptyemptiness/Go-Rocket-App/order/internal/service/order/funcs.go:43.3,43.36 1 16
github.com/anemptyemptiness/Go-Rocket-App/order/internal/service/order/funcs.go:43.36,45.4 1 0
github.com/anemptyemptiness/Go-Rocket-App/order/internal/service/order/funcs.go:47.3,47.24 1 16
github.com/anemptyemptiness/Go-Rocket-App/order/internal/service/order/funcs.go:50.2,52.63 2 6
github.com/anemptyemptiness/Go-Rocket-App/order/internal/service/order/funcs.go:52.63,57.17 4 6
github.com/anemptyemptiness/Go-Rocket-App/order/internal/service/order/funcs.go:57.17,59.4 1 1
github.com/anemptyemptiness/Go-Rocket-App/order/internal/service/order/funcs.go:61.3,63.30 3 5
github.com/anemptyemptiness/Go-Rocket-App/order/internal/service/order/funcs.go:63.30,64.31 1 11
github.com/anemptyemptiness/Go-Rocket-App/order/internal/service/order/funcs.go:64.31,66.5 1 1
github.com/anemptyemptiness/Go-Rocket-App/order/internal/service/order/funcs.go:68.4,74.28 2 10
github.com/anemptyemptiness/Go-Rocket-App/order/internal/service/order/funcs.go:77.3,86.17 8 4
github.com/anemptyemptiness/Go-Rocket-App/order/internal/service/order/funcs.go:86.17,88.4 1 1
github.com/anemptyemptiness/Go-Rocket-App/order/internal/service/order/funcs.go:90.3,94.17 4 3
github.com/anemptyemptiness/Go-Rocket-App/order/internal/service/order/funcs.go:94.17,96.4 1 1
github.com/anemptyemptiness/Go-Rocket-App/order/internal/service/order/funcs.go:98.3,99.17 2 2
github.com/anemptyemptiness/Go-Rocket-App/order/internal/service/order/funcs.go:99.17,101.4 1 1
github.com/anemptyemptiness/Go-Rocket-App/order/internal/service/order/funcs.go:103.3,105.13 2 1
github.com/anemptyemptiness/Go-Rocket-App/order/internal/service/order/funcs.go:107.2,107.16 1 6
github.com/anemptyemptiness/Go-Rocket-App/order/internal/service/order/funcs.go:107.16,109.3 1 5
github.com/anemptyemptiness/Go-Rocket-App/order/internal/service/order/funcs.go:111.2,111.19 1 1
github.com/anemptyemptiness/Go-Rocket-App/order/internal/service/order/funcs.go:114.106,117.63 2 8
github.com/anemptyemptiness/Go-Rocket-App/order/internal/service/order/funcs.go:117.63,119.17 2 8
github.com/anemptyemptiness/Go-Rocket-App/order/internal/service/order/funcs.go:119.17,120.45 1 1
github.com/anemptyemptiness/Go-Rocket-App/order/internal/service/order/funcs.go:120.45,122.5 1 1
github.com/anemptyemptiness/Go-Rocket-App/order/internal/service/order/funcs.go:123.4,123.78 1 0
github.com/anemptyemptiness/Go-Rocket-App/order/internal/service/order/funcs.go:126.3,126.23 1 7
github.com/anemptyemptiness/Go-Rocket-App/order/internal/service/order/funcs.go:127.30,128.52 1 1
github.com/anemptyemptiness/Go-Rocket-App/order/internal/service/order/funcs.go:129.35,130.57 1 1
github.com/anemptyemptiness/Go-Rocket-App/order/internal/service/order/funcs.go:131.35,132.50 1 0
github.com/anemptyemptiness/Go-Rocket-App/order/internal/service/order/funcs.go:135.3,135.54 1 5
github.com/anemptyemptiness/Go-Rocket-App/order/internal/service/order/funcs.go:135.54,137.4 1 0
github.com/anemptyemptiness/Go-Rocket-App/order/internal/service/order/funcs.go:139.3,143.17 4 5
github.com/anemptyemptiness/Go-Rocket-App/order/internal/service/order/funcs.go:143.17,145.4 1 2
github.com/anemptyemptiness/Go-Rocket-App/order/internal/service/order/funcs.go:147.3,152.17 5 3
github.com/anemptyemptiness/Go-Rocket-App/order/internal/service/order/funcs.go:152.17,153.45 1 1
github.com/anemptyemptiness/Go-Rocket-App/order/internal/service/order/funcs.go:153.45,155.5 1 0
github.com/anemptyemptiness/Go-Rocket-App/order/internal/service/order/funcs.go:156.4,156.78 1 1
github.com/anemptyemptiness/Go-Rocket-App/order/internal/service/order/funcs.go:159.3,166.17 3 2
github.com/anemptyemptiness/Go-Rocket-App/order/internal/service/order/funcs.go:166.17,168.4 1 1
github.com/anemptyemptiness/Go-Rocket-App/order/internal/service/order/funcs.go:170.3,172.13 2 1
github.com/anemptyemptiness/Go-Rocket-App/order/internal/service/order/funcs.go:174.2,174.16 1 8
github.com/anemptyemptiness/Go-Rocket-App/order/internal/service/order/funcs.go:174.16,176.3 1 7
github.com/anemptyemptiness/Go-Rocket-App/order/internal/service/order/funcs.go:178.2,178.29 1 1
github.com/anemptyemptiness/Go-Rocket-App/order/internal/service/order/funcs.go:181.71,183.16 2 6
github.com/anemptyemptiness/Go-Rocket-App/order/internal/service/order/funcs.go:183.16,184.44 1 1
github.com/anemptyemptiness/Go-Rocket-App/order/internal/service/order/funcs.go:184.44,186.4 1 1
github.com/anemptyemptiness/Go-Rocket-App/order/internal/service/order/funcs.go:187.3,187.77 1 0
github.com/anemptyemptiness/Go-Rocket-App/order/internal/service/order/funcs.go:190.2,190.22 1 5
github.com/anemptyemptiness/Go-Rocket-App/order/internal/service/order/funcs.go:191.29,192.51 1 1
github.com/anemptyemptiness/Go-Rocket-App/order/internal/service/order/funcs.go:193.34,194.56 1 1
github.com/anemptyemptiness/Go-Rocket-App/order/internal/service/order/funcs.go:195.34,196.49 1 0
github.com/anemptyemptiness/Go-Rocket-App/order/internal/service/order/funcs.go:199.2,200.35 2 3
github.com/anemptyemptiness/Go-Rocket-App/order/internal/service/order/funcs.go:200.35,202.3 1 3
github.com/anemptyemptiness/Go-Rocket-App/order/internal/service/order/funcs.go:204.2,209.16 4 3
github.com/anemptyemptiness/Go-Rocket-App/order/internal/service/order/funcs.go:209.16,211.3 1 1
github.com/anemptyemptiness/Go-Rocket-App/order/internal/service/order/funcs.go:213.2,216.16 3 2
github.com/anemptyemptiness/Go-Rocket-App/order/internal/service/order/funcs.go:216.16,217.44 1 1
github.com/anemptyemptiness/Go-Rocket-App/order/internal/service/order/funcs.go:217.44,219.4 1 0
github.com/anemptyemptiness/Go-Rocket-App/order/internal/service/order/funcs.go:220.3,220.77 1 1
github.com/anemptyemptiness/Go-Rocket-App/order/internal/service/order/funcs.go:223.2,223.12 1 1
github.com/anemptyemptiness/Go-Rocket-App/order/internal/service/order/service.go:17.12,25.2 1 25
github.com/anemptyemptiness/Go-Rocket-App/inventory/internal/api/inventory/v1/api.go:11.50,15.2 1 0
github.com/anemptyemptiness/Go-Rocket-App/inventory/internal/api/inventory/v1/funcs.go:10.115,12.16 2 0
github.com/anemptyemptiness/Go-Rocket-App/inventory/internal/api/inventory/v1/funcs.go:12.16,14.3 1 0
github.com/anemptyemptiness/Go-Rocket-App/inventory/internal/api/inventory/v1/funcs.go:16.2,17.16 2 0
github.com/anemptyemptiness/Go-Rocket-App/inventory/internal/api/inventory/v1/funcs.go:17.16,19.3 1 0
github.com/anemptyemptiness/Go-Rocket-App/inventory/internal/api/inventory/v1/funcs.go:21.2,23.8 1 0
github.com/anemptyemptiness/Go-Rocket-App/inventory/internal/api/inventory/v1/funcs.go:26.121,28.16 2 0
github.com/anemptyemptiness/Go-Rocket-App/inventory/internal/api/inventory/v1/funcs.go:28.16,30.3 1 0
github.com/anemptyemptiness/Go-Rocket-App/inventory/internal/api/inventory/v1/funcs.go:32.2,33.16 2 0
github.com/anemptyemptiness/Go-Rocket-App/inventory/internal/api/inventory/v1/funcs.go:33.16,35.3 1 0
github.com/anemptyemptiness/Go-Rocket-App/inventory/internal/api/inventory/v1/funcs.go:37.2,39.8 1 0
github.com/anemptyemptiness/Go-Rocket-App/inventory/internal/api/inventory/v1/funcs.go:42.157,44.16 2 0
github.com/anemptyemptiness/Go-Rocket-App/inventory/internal/api/inventory/v1/funcs.go:44.16,46.3 1 0
github.com/anemptyemptiness/Go-Rocket-App/inventory/internal/api/inventory/v1/funcs.go:48.2,49.16 2 0
github.com/anemptyemptiness/Go-Rocket-App/inventory/internal/api/inventory/v1/funcs.go:49.16,51.3 1 0
github.com/anemptyemptiness/Go-Rocket-App/inventory/internal/api/inventory/v1/funcs.go:53.2,53.58 1 0
github.com/anemptyemptiness/Go-Rocket-App/inventory/internal/api/inventory/v1/funcs.go:56.130,58.16 2 0
github.com/anemptyemptiness/Go-Rocket-App/inventory/internal/api/inventory/v1/funcs.go:58.16,60.3 1 0
github.com/anemptyemptiness/Go-Rocket-App/inventory/internal/api/inventory/v1/funcs.go:62.2,63.16 2 0
github.com/anemptyemptiness/Go-Rocket-App/inventory/internal/api/inventory/v1/funcs.go:63.16,65.3 1 0
github.com/anemptyemptiness/Go-Rocket-App/inventory/internal/api/inventory/v1/funcs.go:67.2,67.49 1 0
github.com/anemptyemptiness/Go-Rocket-App/inventory/internal/api/inventory/v1/funcs.go:70.130,72.16 2 0
github.com/anemptyemptiness/Go-Rocket-App/inventory/internal/api/inventory/v1/funcs.go:72.16,74.3 1 0
github.com/anemptyemptiness/Go-Rocket-App/inventory/internal/api/inventory/v1/funcs.go:76.2,77.16 2 0
github.com/anemptyemptiness/Go-Rocket-App/inventory/internal/api/inventory/v1/funcs.go:77.16,79.3 1 0
github.com/anemptyemptiness/Go-Rocket-App/inventory/internal/api/inventory/v1/funcs.go:81.2,81.49 1 0
github.com/anemptyemptiness/Go-Rocket-App/inventory/internal/api/inventory/v1/funcs.go:84.127,86.16 2 0
github.com/anemptyemptiness/Go-Rocket-App/inventory/internal/api/inventory/v1/funcs.go:86.16,88.3 1 0
github.com/anemptyemptiness/Go-Rocket-App/inventory/internal/api/inventory/v1/funcs.go:90.2,91.16 2 0
github.com/anemptyemptiness/Go-Rocket-App/inventory/internal/api/inventory/v1/funcs.go:91.16,93.3 1 0
github.com/anemptyemptiness/Go-Rocket-App/inventory/internal/api/inventory/v1/funcs.go:95.2,95.48 1 0
github.com/anemptyemptiness/Go-Rocket-App/inventory/internal/service/input/part.go:17.56,20.24 2 0
github.com/anemptyemptiness/Go-Rocket-App/inventory/internal/service/input/part.go:20.24,22.3 1 0
github.com/anemptyemptiness/Go-Rocket-App/inventory/internal/service/input/part.go:23.2,23.24 1 0
github.com/anemptyemptiness/Go-Rocket-App/inventory/internal/service/input/part.go:23.24,25.3 1 0
github.com/anemptyemptiness/Go-Rocket-App/inventory/internal/service/input/part.go:27.2,27.14 1 0
github.com/anemptyemptiness/Go-Rocket-App/inventory/internal/service/application/part/part.go:16.85,17.19 1 0
github.com/anemptyemptiness/Go-Rocket-App/inventory/internal/service/application/part/part.go:17.19,19.3 1 0
github.com/anemptyemptiness/Go-Rocket-App/inventory/internal/service/application/part/part.go:21.2,22.40 2 0
github.com/anemptyemptiness/Go-Rocket-App/inventory/internal/service/application/part/part.go:22.40,24.3 1 0
github.com/anemptyemptiness/Go-Rocket-App/inventory/internal/service/application/part/part.go:26.2,27.16 2 0
github.com/anemptyemptiness/Go-Rocket-App/inventory/internal/service/application/part/part.go:27.16,28.43 1 0
github.com/anemptyemptiness/Go-Rocket-App/inventory/internal/service/application/part/part.go:28.43,30.4 1 0
github.com/anemptyemptiness/Go-Rocket-App/inventory/internal/service/application/part/part.go:31.3,31.94 1 0
github.com/anemptyemptiness/Go-Rocket-App/inventory/internal/service/application/part/part.go:34.2,34.18 1 0
github.com/anemptyemptiness/Go-Rocket-App/inventory/internal/service/application/part/part.go:37.98,38.27 1 0
github.com/anemptyemptiness/Go-Rocket-App/inventory/internal/service/application/part/part.go:38.27,39.42 1 0
github.com/anemptyemptiness/Go-Rocket-App/inventory/internal/service/application/part/part.go:39.42,41.42 2 0
github.com/anemptyemptiness/Go-Rocket-App/inventory/internal/service/application/part/part.go:41.42,43.5 1 0
github.com/anemptyemptiness/Go-Rocket-App/inventory/internal/service/application/part/part.go:47.2,48.16 2 0
github.com/anemptyemptiness/Go-Rocket-App/inventory/internal/service/application/part/part.go:48.16,49.43 1 0
github.com/anemptyemptiness/Go-Rocket-App/inventory/internal/service/application/part/part.go:49.43,51.4 1 0
github.com/anemptyemptiness/Go-Rocket-App/inventory/internal/service/application/part/part.go:52.3,52.48 1 0
github.com/anemptyemptiness/Go-Rocket-App/inventory/internal/service/application/part/part.go:52.48,54.4 1 0
github.com/anemptyemptiness/Go-Rocket-App/inventory/internal/service/application/part/part.go:55.3,55.99 1 0
github.com/anemptyemptiness/Go-Rocket-App/inventory/internal/service/application/part/part.go:57.2,57.62 1 0
github.com/anemptyemptiness/Go-Rocket-App/inventory/internal/service/application/part/part.go:57.62,59.3 1 0
github.com/anemptyemptiness/Go-Rocket-App/inventory/internal/service/application/part/part.go:61.2,61.19 1 0
github.com/anemptyemptiness/Go-Rocket-App/inventory/internal/service/application/part/part.go:64.88,65.63 1 0
github.com/anemptyemptiness/Go-Rocket-App/inventory/internal/service/application/part/part.go:65.63,69.17 3 0
github.com/anemptyemptiness/Go-Rocket-App/inventory/internal/service/application/part/part.go:69.17,70.44 1 0
github.com/anemptyemptiness/Go-Rocket-App/inventory/internal/service/application/part/part.go:70.44,72.5 1 0
github.com/anemptyemptiness/Go-Rocket-App/inventory/internal/service/application/part/part.go:73.4,73.49 1 0
github.com/anemptyemptiness/Go-Rocket-App/inventory/internal/service/application/part/part.go:73.49,75.5 1 0
github.com/anemptyemptiness/Go-Rocket-App/inventory/internal/service/application/part/part.go:76.4,76.95 1 0
github.com/anemptyemptiness/Go-Rocket-App/inventory/internal/service/application/part/part.go:78.3,78.63 1 0
github.com/anemptyemptiness/Go-Rocket-App/inventory/internal/service/application/part/part.go:78.63,80.4 1 0
github.com/anemptyemptiness/Go-Rocket-App/inventory/internal/service/application/part/part.go:82.3,82.30 1 0
github.com/anemptyemptiness/Go-Rocket-App/inventory/internal/service/application/part/part.go:82.30,83.63 1 0
github.com/anemptyemptiness/Go-Rocket-App/inventory/internal/service/application/part/part.go:83.63,85.5 1 0
github.com/anemptyemptiness/Go-Rocket-App/inventory/internal/service/application/part/part.go:88.3,89.17 2 0
github.com/anemptyemptiness/Go-Rocket-App/inventory/internal/service/application/part/part.go:89.17,90.44 1 0
github.com/anemptyemptiness/Go-Rocket-App/inventory/internal/service/application/part/part.go:90.44,92.5 1 0
github.com/anemptyemptiness/Go-Rocket-App/inventory/internal/service/application/part/part.go:93.4,93.78 1 0
github.com/anemptyemptiness/Go-Rocket-App/inventory/internal/service/application/part/part.go:96.3,96.13 1 0
github.com/anemptyemptiness/Go-Rocket-App/inventory/internal/service/application/part/service.go:13.12,19.2 1 0
github.com/anemptyemptiness/Go-Rocket-App/inventory/internal/service/application/part/validate_compatibility.go:15.108,17.16 2 0
github.com/anemptyemptiness/Go-Rocket-App/inventory/internal/service/application/part/validate_compatibility.go:17.16,19.3 1 0
github.com/anemptyemptiness/Go-Rocket-App/inventory/internal/service/application/part/validate_compatibility.go:21.2,22.16 2 0
github.com/anemptyemptiness/Go-Rocket-App/inventory/internal/service/application/part/validate_compatibility.go:22.16,24.3 1 0
github.com/anemptyemptiness/Go-Rocket-App/inventory/internal/service/application/part/validate_compatibility.go:26.2,27.16 2 0
github.com/anemptyemptiness/Go-Rocket-App/inventory/internal/service/application/part/validate_compatibility.go:27.16,29.3 1 0
github.com/anemptyemptiness/Go-Rocket-App/inventory/internal/service/application/part/validate_compatibility.go:31.2,32.16 2 0
github.com/anemptyemptiness/Go-Rocket-App/inventory/internal/service/application/part/validate_compatibility.go:32.16,34.3 1 0
github.com/anemptyemptiness/Go-Rocket-App/inventory/internal/service/application/part/validate_compatibility.go:36.2,36.12 1 0
github.com/anemptyemptiness/Go-Rocket-App/inventory/internal/service/application/part/validate_compatibility.go:39.106,45.26 2 0
github.com/anemptyemptiness/Go-Rocket-App/inventory/internal/service/application/part/validate_compatibility.go:45.26,47.3 1 0
github.com/anemptyemptiness/Go-Rocket-App/inventory/internal/service/application/part/validate_compatibility.go:48.2,48.26 1 0
github.com/anemptyemptiness/Go-Rocket-App/inventory/internal/service/application/part/validate_compatibility.go:48.26,50.3 1 0
github.com/anemptyemptiness/Go-Rocket-App/inventory/internal/service/application/part/validate_compatibility.go:52.2,53.27 2 0
github.com/anemptyemptiness/Go-Rocket-App/inventory/internal/service/application/part/validate_compatibility.go:53.27,54.15 1 0
github.com/anemptyemptiness/Go-Rocket-App/inventory/internal/service/application/part/validate_compatibility.go:54.15,55.12 1 0
github.com/anemptyemptiness/Go-Rocket-App/inventory/internal/service/application/part/validate_compatibility.go:57.3,57.36 1 0
github.com/anemptyemptiness/Go-Rocket-App/inventory/internal/service/application/part/validate_compatibility.go:57.36,59.4 1 0
github.com/anemptyemptiness/Go-Rocket-App/inventory/internal/service/application/part/validate_compatibility.go:61.3,61.24 1 0
github.com/anemptyemptiness/Go-Rocket-App/inventory/internal/service/application/part/validate_compatibility.go:64.2,64.12 1 0
github.com/anemptyemptiness/Go-Rocket-App/inventory/internal/service/application/part/validate_compatibility.go:67.122,68.29 1 0
github.com/anemptyemptiness/Go-Rocket-App/inventory/internal/service/application/part/validate_compatibility.go:68.29,69.10 1 0
github.com/anemptyemptiness/Go-Rocket-App/inventory/internal/service/application/part/validate_compatibility.go:70.93,71.59 1 0
github.com/anemptyemptiness/Go-Rocket-App/inventory/internal/service/application/part/validate_compatibility.go:72.97,73.59 1 0
github.com/anemptyemptiness/Go-Rocket-App/inventory/internal/service/application/part/validate_compatibility.go:74.97,75.59 1 0
github.com/anemptyemptiness/Go-Rocket-App/inventory/internal/service/application/part/validate_compatibility.go:76.97,77.59 1 0
github.com/anemptyemptiness/Go-Rocket-App/inventory/internal/service/application/part/validate_compatibility.go:81.2,81.12 1 0
github.com/anemptyemptiness/Go-Rocket-App/inventory/internal/service/application/part/validate_compatibility.go:85.90,86.63 1 0
github.com/anemptyemptiness/Go-Rocket-App/inventory/internal/service/application/part/validate_compatibility.go:86.63,90.17 3 0
github.com/anemptyemptiness/Go-Rocket-App/inventory/internal/service/application/part/validate_compatibility.go:90.17,91.44 1 0
github.com/anemptyemptiness/Go-Rocket-App/inventory/internal/service/application/part/validate_compatibility.go:91.44,93.5 1 0
github.com/anemptyemptiness/Go-Rocket-App/inventory/internal/service/application/part/validate_compatibility.go:94.4,94.49 1 0
github.com/anemptyemptiness/Go-Rocket-App/inventory/internal/service/application/part/validate_compatibility.go:94.49,96.5 1 0
github.com/anemptyemptiness/Go-Rocket-App/inventory/internal/service/application/part/validate_compatibility.go:97.4,97.95 1 0
github.com/anemptyemptiness/Go-Rocket-App/inventory/internal/service/application/part/validate_compatibility.go:99.3,99.63 1 0
github.com/anemptyemptiness/Go-Rocket-App/inventory/internal/service/application/part/validate_compatibility.go:99.63,101.4 1 0
github.com/anemptyemptiness/Go-Rocket-App/inventory/internal/service/application/part/validate_compatibility.go:103.3,103.26 1 0
github.com/anemptyemptiness/Go-Rocket-App/inventory/internal/service/application/part/validate_compatibility.go:103.26,104.46 1 0
github.com/anemptyemptiness/Go-Rocket-App/inventory/internal/service/application/part/validate_compatibility.go:104.46,106.5 1 0
github.com/anemptyemptiness/Go-Rocket-App/inventory/internal/service/application/part/validate_compatibility.go:109.3,109.74 1 0
github.com/anemptyemptiness/Go-Rocket-App/inventory/internal/service/application/part/validate_compatibility.go:109.74,111.4 1 0
github.com/anemptyemptiness/Go-Rocket-App/inventory/internal/service/application/part/validate_compatibility.go:113.3,113.13 1 0
github.com/anemptyemptiness/Go-Rocket-App/inventory/internal/service/application/part/validate_compatibility.go:115.2,115.16 1 0
github.com/anemptyemptiness/Go-Rocket-App/inventory/internal/service/application/part/validate_compatibility.go:115.16,117.3 1 0
github.com/anemptyemptiness/Go-Rocket-App/inventory/internal/service/application/part/validate_compatibility.go:119.2,119.12 1 0
github.com/anemptyemptiness/Go-Rocket-App/inventory/internal/service/application/part/validate_compatibility.go:123.90,124.63 1 0
github.com/anemptyemptiness/Go-Rocket-App/inventory/internal/service/application/part/validate_compatibility.go:124.63,128.17 3 0
github.com/anemptyemptiness/Go-Rocket-App/inventory/internal/service/application/part/validate_compatibility.go:128.17,129.44 1 0
github.com/anemptyemptiness/Go-Rocket-App/inventory/internal/service/application/part/validate_compatibility.go:129.44,131.5 1 0
github.com/anemptyemptiness/Go-Rocket-App/inventory/internal/service/application/part/validate_compatibility.go:132.4,132.49 1 0
github.com/anemptyemptiness/Go-Rocket-App/inventory/internal/service/application/part/validate_compatibility.go:132.49,134.5 1 0
github.com/anemptyemptiness/Go-Rocket-App/inventory/internal/service/application/part/validate_compatibility.go:135.4,135.95 1 0
github.com/anemptyemptiness/Go-Rocket-App/inventory/internal/service/application/part/validate_compatibility.go:137.3,137.63 1 0
github.com/anemptyemptiness/Go-Rocket-App/inventory/internal/service/application/part/validate_compatibility.go:137.63,139.4 1 0
github.com/anemptyemptiness/Go-Rocket-App/inventory/internal/service/application/part/validate_compatibility.go:141.3,141.26 1 0
github.com/anemptyemptiness/Go-Rocket-App/inventory/internal/service/application/part/validate_compatibility.go:141.26,142.46 1 0
github.com/anemptyemptiness/Go-Rocket-App/inventory/internal/service/application/part/validate_compatibility.go:142.46,144.5 1 0
github.com/anemptyemptiness/Go-Rocket-App/inventory/internal/service/application/part/validate_compatibility.go:147.3,147.74 1 0
github.com/anemptyemptiness/Go-Rocket-App/inventory/internal/service/application/part/validate_compatibility.go:147.74,149.4 1 0
github.com/anemptyemptiness/Go-Rocket-App/inventory/internal/service/application/part/validate_compatibility.go:151.3,151.13 1 0
github.com/anemptyemptiness/Go-Rocket-App/inventory/internal/service/application/part/validate_compatibility.go:153.2,153.16 1 0
github.com/anemptyemptiness/Go-Rocket-App/inventory/internal/service/application/part/validate_compatibility.go:153.16,155.3 1 0
github.com/anemptyemptiness/Go-Rocket-App/inventory/internal/service/application/part/validate_compatibility.go:157.2,157.12 1 0
github.com/anemptyemptiness/Go-Rocket-App/inventory/internal/service/domain/compatibility_checker/funcs.go:17.52,20.45 2 0
github.com/anemptyemptiness/Go-Rocket-App/inventory/internal/service/domain/compatibility_checker/funcs.go:20.45,22.3 1 0
github.com/anemptyemptiness/Go-Rocket-App/inventory/internal/service/domain/compatibility_checker/funcs.go:24.2,24.47 1 0
github.com/anemptyemptiness/Go-Rocket-App/inventory/internal/service/domain/compatibility_checker/funcs.go:24.47,26.3 1 0
github.com/anemptyemptiness/Go-Rocket-App/inventory/internal/service/domain/compatibility_checker/funcs.go:28.2,28.12 1 0
github.com/anemptyemptiness/Go-Rocket-App/inventory/internal/service/domain/compatibility_checker/funcs.go:31.53,34.29 2 0
github.com/anemptyemptiness/Go-Rocket-App/inventory/internal/service/domain/compatibility_checker/funcs.go:34.29,36.42 2 0
github.com/anemptyemptiness/Go-Rocket-App/inventory/internal/service/domain/compatibility_checker/funcs.go:36.42,38.4 1 0
github.com/anemptyemptiness/Go-Rocket-App/inventory/internal/service/domain/compatibility_checker/funcs.go:39.3,39.44 1 0
github.com/anemptyemptiness/Go-Rocket-App/inventory/internal/service/domain/compatibility_checker/funcs.go:39.44,41.4 1 0
github.com/anemptyemptiness/Go-Rocket-App/inventory/internal/service/domain/compatibility_checker/funcs.go:42.3,42.44 1 0
github.com/anemptyemptiness/Go-Rocket-App/inventory/internal/service/domain/compatibility_checker/funcs.go:42.44,44.4 1 0
github.com/anemptyemptiness/Go-Rocket-App/inventory/internal/service/domain/compatibility_checker/funcs.go:45.3,45.44 1 0
github.com/anemptyemptiness/Go-Rocket-App/inventory/internal/service/domain/compatibility_checker/funcs.go:45.44,47.4 1 0
github.com/anemptyemptiness/Go-Rocket-App/inventory/internal/service/domain/compatibility_checker/funcs.go:50.2,50.12 1 0
github.com/anemptyemptiness/Go-Rocket-App/inventory/internal/service/domain/compatibility_checker/funcs.go:53.41,56.28 1 0
github.com/anemptyemptiness/Go-Rocket-App/inventory/internal/service/domain/compatibility_checker/funcs.go:56.28,58.3 1 0
github.com/anemptyemptiness/Go-Rocket-App/inventory/internal/service/domain/compatibility_checker/funcs.go:60.2,62.28 1 0
github.com/anemptyemptiness/Go-Rocket-App/inventory/internal/service/domain/compatibility_checker/funcs.go:62.28,64.3 1 0
github.com/anemptyemptiness/Go-Rocket-App/inventory/internal/service/domain/compatibility_checker/funcs.go:66.2,68.29 1 0
github.com/anemptyemptiness/Go-Rocket-App/inventory/internal/service/domain/compatibility_checker/funcs.go:68.29,70.3 1 0
github.com/anemptyemptiness/Go-Rocket-App/inventory/internal/service/domain/compatibility_checker/funcs.go:72.2,72.12 1 0
github.com/anemptyemptiness/Go-Rocket-App/inventory/internal/service/domain/compatibility_checker/funcs.go:75.43,76.84 1 0
github.com/anemptyemptiness/Go-Rocket-App/inventory/internal/service/domain/compatibility_checker/funcs.go:76.84,78.3 1 0
github.com/anemptyemptiness/Go-Rocket-App/inventory/internal/service/domain/compatibility_checker/funcs.go:80.2,80.12 1 0
github.com/anemptyemptiness/Go-Rocket-App/inventory/internal/service/domain/compatibility_checker/service.go:5.21,7.2 1 0
github.com/anemptyemptiness/Go-Rocket-App/inventory/internal/api/inventory/v1/api.go:11.50,15.2 1 11
github.com/anemptyemptiness/Go-Rocket-App/inventory/internal/api/inventory/v1/funcs.go:10.115,12.16 2 6
github.com/anemptyemptiness/Go-Rocket-App/inventory/internal/api/inventory/v1/funcs.go:12.16,14.3 1 1
github.com/anemptyemptiness/Go-Rocket-App/inventory/internal/api/inventory/v1/funcs.go:16.2,17.16 2 5
github.com/anemptyemptiness/Go-Rocket-App/inventory/internal/api/inventory/v1/funcs.go:17.16,19.3 1 4
github.com/anemptyemptiness/Go-Rocket-App/inventory/internal/api/inventory/v1/funcs.go:21.2,23.8 1 1
github.com/anemptyemptiness/Go-Rocket-App/inventory/internal/api/inventory/v1/funcs.go:26.121,28.16 2 5
github.com/anemptyemptiness/Go-Rocket-App/inventory/internal/api/inventory/v1/funcs.go:28.16,30.3 1 1
github.com/anemptyemptiness/Go-Rocket-App/inventory/internal/api/inventory/v1/funcs.go:32.2,33.16 2 4
github.com/anemptyemptiness/Go-Rocket-App/inventory/internal/api/inventory/v1/funcs.go:33.16,35.3 1 3
github.com/anemptyemptiness/Go-Rocket-App/inventory/internal/api/inventory/v1/funcs.go:37.2,39.8 1 1
github.com/anemptyemptiness/Go-Rocket-App/inventory/internal/api/inventory/v1/funcs.go:42.157,44.16 2 0
github.com/anemptyemptiness/Go-Rocket-App/inventory/internal/api/inventory/v1/funcs.go:44.16,46.3 1 0
github.com/anemptyemptiness/Go-Rocket-App/inventory/internal/api/inventory/v1/funcs.go:48.2,49.16 2 0
github.com/anemptyemptiness/Go-Rocket-App/inventory/internal/api/inventory/v1/funcs.go:49.16,51.3 1 0
github.com/anemptyemptiness/Go-Rocket-App/inventory/internal/api/inventory/v1/funcs.go:53.2,53.58 1 0
github.com/anemptyemptiness/Go-Rocket-App/inventory/internal/api/inventory/v1/funcs.go:56.130,58.16 2 0
github.com/anemptyemptiness/Go-Rocket-App/inventory/internal/api/inventory/v1/funcs.go:58.16,60.3 1 0
github.com/anemptyemptiness/Go-Rocket-App/inventory/internal/api/inventory/v1/funcs.go:62.2,63.16 2 0
github.com/anemptyemptiness/Go-Rocket-App/inventory/internal/api/inventory/v1/funcs.go:63.16,65.3 1 0
github.com/anemptyemptiness/Go-Rocket-App/inventory/internal/api/inventory/v1/funcs.go:67.2,67.49 1 0
github.com/anemptyemptiness/Go-Rocket-App/inventory/internal/api/inventory/v1/funcs.go:70.130,72.16 2 0
github.com/anemptyemptiness/Go-Rocket-App/inventory/internal/api/inventory/v1/funcs.go:72.16,74.3 1 0
github.com/anemptyemptiness/Go-Rocket-App/inventory/internal/api/inventory/v1/funcs.go:76.2,77.16 2 0
github.com/anemptyemptiness/Go-Rocket-App/inventory/internal/api/inventory/v1/funcs.go:77.16,79.3 1 0
github.com/anemptyemptiness/Go-Rocket-App/inventory/internal/api/inventory/v1/funcs.go:81.2,81.49 1 0
github.com/anemptyemptiness/Go-Rocket-App/inventory/internal/api/inventory/v1/funcs.go:84.127,86.16 2 0
github.com/anemptyemptiness/Go-Rocket-App/inventory/internal/api/inventory/v1/funcs.go:86.16,88.3 1 0
github.com/anemptyemptiness/Go-Rocket-App/inventory/internal/api/inventory/v1/funcs.go:90.2,91.16 2 0
github.com/anemptyemptiness/Go-Rocket-App/inventory/internal/api/inventory/v1/funcs.go:91.16,93.3 1 0
github.com/anemptyemptiness/Go-Rocket-App/inventory/internal/api/inventory/v1/funcs.go:95.2,95.48 1 0
github.com/anemptyemptiness/Go-Rocket-App/inventory/internal/service/application/part/part.go:16.85,17.19 1 0
github.com/anemptyemptiness/Go-Rocket-App/inventory/internal/service/application/part/part.go:17.19,19.3 1 0
github.com/anemptyemptiness/Go-Rocket-App/inventory/internal/service/application/part/part.go:21.2,22.40 2 0
github.com/anemptyemptiness/Go-Rocket-App/inventory/internal/service/application/part/part.go:22.40,24.3 1 0
github.com/anemptyemptiness/Go-Rocket-App/inventory/internal/service/application/part/part.go:26.2,27.16 2 0
github.com/anemptyemptiness/Go-Rocket-App/inventory/internal/service/application/part/part.go:27.16,28.43 1 0
github.com/anemptyemptiness/Go-Rocket-App/inventory/internal/service/application/part/part.go:28.43,30.4 1 0
github.com/anemptyemptiness/Go-Rocket-App/inventory/internal/service/application/part/part.go:31.3,31.94 1 0
github.com/anemptyemptiness/Go-Rocket-App/inventory/internal/service/application/part/part.go:34.2,34.18 1 0
github.com/anemptyemptiness/Go-Rocket-App/inventory/internal/service/application/part/part.go:37.98,38.27 1 0
github.com/anemptyemptiness/Go-Rocket-App/inventory/internal/service/application/part/part.go:38.27,39.42 1 0
github.com/anemptyemptiness/Go-Rocket-App/inventory/internal/service/application/part/part.go:39.42,41.42 2 0
github.com/anemptyemptiness/Go-Rocket-App/inventory/internal/service/application/part/part.go:41.42,43.5 1 0
github.com/anemptyemptiness/Go-Rocket-App/inventory/internal/service/application/part/part.go:47.2,48.16 2 0
github.com/anemptyemptiness/Go-Rocket-App/inventory/internal/service/application/part/part.go:48.16,49.43 1 0
github.com/anemptyemptiness/Go-Rocket-App/inventory/internal/service/application/part/part.go:49.43,51.4 1 0
github.com/anemptyemptiness/Go-Rocket-App/inventory/internal/service/application/part/part.go:52.3,52.48 1 0
github.com/anemptyemptiness/Go-Rocket-App/inventory/internal/service/application/part/part.go:52.48,54.4 1 0
github.com/anemptyemptiness/Go-Rocket-App/inventory/internal/service/application/part/part.go:55.3,55.99 1 0
github.com/anemptyemptiness/Go-Rocket-App/inventory/internal/service/application/part/part.go:57.2,57.62 1 0
github.com/anemptyemptiness/Go-Rocket-App/inventory/internal/service/application/part/part.go:57.62,59.3 1 0
github.com/anemptyemptiness/Go-Rocket-App/inventory/internal/service/application/part/part.go:61.2,61.19 1 0
github.com/anemptyemptiness/Go-Rocket-App/inventory/internal/service/application/part/part.go:64.88,65.63 1 0
github.com/anemptyemptiness/Go-Rocket-App/inventory/internal/service/application/part/part.go:65.63,69.17 3 0
github.com/anemptyemptiness/Go-Rocket-App/inventory/internal/service/application/part/part.go:69.17,70.44 1 0
github.com/anemptyemptiness/Go-Rocket-App/inventory/internal/service/application/part/part.go:70.44,72.5 1 0
github.com/anemptyemptiness/Go-Rocket-App/inventory/internal/service/application/part/part.go:73.4,73.49 1 0
github.com/anemptyemptiness/Go-Rocket-App/inventory/internal/service/application/part/part.go:73.49,75.5 1 0
github.com/anemptyemptiness/Go-Rocket-App/inventory/internal/service/application/part/part.go:76.4,76.95 1 0
github.com/anemptyemptiness/Go-Rocket-App/inventory/internal/service/application/part/part.go:78.3,78.63 1 0
github.com/anemptyemptiness/Go-Rocket-App/inventory/internal/service/application/part/part.go:78.63,80.4 1 0
github.com/anemptyemptiness/Go-Rocket-App/inventory/internal/service/application/part/part.go:82.3,82.30 1 0
github.com/anemptyemptiness/Go-Rocket-App/inventory/internal/service/application/part/part.go:82.30,83.63 1 0
github.com/anemptyemptiness/Go-Rocket-App/inventory/internal/service/application/part/part.go:83.63,85.5 1 0
github.com/anemptyemptiness/Go-Rocket-App/inventory/internal/service/application/part/part.go:88.3,89.17 2 0
github.com/anemptyemptiness/Go-Rocket-App/inventory/internal/service/application/part/part.go:89.17,90.44 1 0
github.com/anemptyemptiness/Go-Rocket-App/inventory/internal/service/application/part/part.go:90.44,92.5 1 0
github.com/anemptyemptiness/Go-Rocket-App/inventory/internal/service/application/part/part.go:93.4,93.78 1 0
github.com/anemptyemptiness/Go-Rocket-App/inventory/internal/service/application/part/part.go:96.3,96.13 1 0
github.com/anemptyemptiness/Go-Rocket-App/inventory/internal/service/application/part/service.go:13.12,19.2 1 0
github.com/anemptyemptiness/Go-Rocket-App/inventory/internal/service/application/part/validate_compatibility.go:15.108,17.16 2 0
github.com/anemptyemptiness/Go-Rocket-App/inventory/internal/service/application/part/validate_compatibility.go:17.16,19.3 1 0
github.com/anemptyemptiness/Go-Rocket-App/inventory/internal/service/application/part/validate_compatibility.go:21.2,22.16 2 0
github.com/anemptyemptiness/Go-Rocket-App/inventory/internal/service/application/part/validate_compatibility.go:22.16,24.3 1 0
github.com/anemptyemptiness/Go-Rocket-App/inventory/internal/service/application/part/validate_compatibility.go:26.2,27.16 2 0
github.com/anemptyemptiness/Go-Rocket-App/inventory/internal/service/application/part/validate_compatibility.go:27.16,29.3 1 0
github.com/anemptyemptiness/Go-Rocket-App/inventory/internal/service/application/part/validate_compatibility.go:31.2,32.16 2 0
github.com/anemptyemptiness/Go-Rocket-App/inventory/internal/service/application/part/validate_compatibility.go:32.16,34.3 1 0
github.com/anemptyemptiness/Go-Rocket-App/inventory/internal/service/application/part/validate_compatibility.go:36.2,36.12 1 0
github.com/anemptyemptiness/Go-Rocket-App/inventory/internal/service/application/part/validate_compatibility.go:39.106,45.26 2 0
github.com/anemptyemptiness/Go-Rocket-App/inventory/internal/service/application/part/validate_compatibility.go:45.26,47.3 1 0
github.com/anemptyemptiness/Go-Rocket-App/inventory/internal/service/application/part/validate_compatibility.go:48.2,48.26 1 0
github.com/anemptyemptiness/Go-Rocket-App/inventory/internal/service/application/part/validate_compatibility.go:48.26,50.3 1 0
github.com/anemptyemptiness/Go-Rocket-App/inventory/internal/service/application/part/validate_compatibility.go:52.2,53.27 2 0
github.com/anemptyemptiness/Go-Rocket-App/inventory/internal/service/application/part/validate_compatibility.go:53.27,54.15 1 0
github.com/anemptyemptiness/Go-Rocket-App/inventory/internal/service/application/part/validate_compatibility.go:54.15,55.12 1 0
github.com/anemptyemptiness/Go-Rocket-App/inventory/internal/service/application/part/validate_compatibility.go:57.3,57.36 1 0
github.com/anemptyemptiness/Go-Rocket-App/inventory/internal/service/application/part/validate_compatibility.go:57.36,59.4 1 0
github.com/anemptyemptiness/Go-Rocket-App/inventory/internal/service/application/part/validate_compatibility.go:61.3,61.24 1 0
github.com/anemptyemptiness/Go-Rocket-App/inventory/internal/service/application/part/validate_compatibility.go:64.2,64.12 1 0
github.com/anemptyemptiness/Go-Rocket-App/inventory/internal/service/application/part/validate_compatibility.go:67.122,68.29 1 0
github.com/anemptyemptiness/Go-Rocket-App/inventory/internal/service/application/part/validate_compatibility.go:68.29,69.10 1 0
github.com/anemptyemptiness/Go-Rocket-App/inventory/internal/service/application/part/validate_compatibility.go:70.93,71.59 1 0
github.com/anemptyemptiness/Go-Rocket-App/inventory/internal/service/application/part/validate_compatibility.go:72.97,73.59 1 0
github.com/anemptyemptiness/Go-Rocket-App/inventory/internal/service/application/part/validate_compatibility.go:74.97,75.59 1 0
github.com/anemptyemptiness/Go-Rocket-App/inventory/internal/service/application/part/validate_compatibility.go:76.97,77.59 1 0
github.com/anemptyemptiness/Go-Rocket-App/inventory/internal/service/application/part/validate_compatibility.go:81.2,81.12 1 0
github.com/anemptyemptiness/Go-Rocket-App/inventory/internal/service/application/part/validate_compatibility.go:85.90,86.63 1 0
github.com/anemptyemptiness/Go-Rocket-App/inventory/internal/service/application/part/validate_compatibility.go:86.63,90.17 3 0
github.com/anemptyemptiness/Go-Rocket-App/inventory/internal/service/application/part/validate_compatibility.go:90.17,91.44 1 0
github.com/anemptyemptiness/Go-Rocket-App/inventory/internal/service/application/part/validate_compatibility.go:91.44,93.5 1 0
github.com/anemptyemptiness/Go-Rocket-App/inventory/internal/service/application/part/validate_compatibility.go:94.4,94.49 1 0
github.com/anemptyemptiness/Go-Rocket-App/inventory/internal/service/application/part/validate_compatibility.go:94.49,96.5 1 0
github.com/anemptyemptiness/Go-Rocket-App/inventory/internal/service/application/part/validate_compatibility.go:97.4,97.95 1 0
github.com/anemptyemptiness/Go-Rocket-App/inventory/internal/service/application/part/validate_compatibility.go:99.3,99.63 1 0
github.com/anemptyemptiness/Go-Rocket-App/inventory/internal/service/application/part/validate_compatibility.go:99.63,101.4 1 0
github.com/anemptyemptiness/Go-Rocket-App/inventory/internal/service/application/part/validate_compatibility.go:103.3,103.26 1 0
github.com/anemptyemptiness/Go-Rocket-App/inventory/internal/service/application/part/validate_compatibility.go:103.26,104.46 1 0
github.com/anemptyemptiness/Go-Rocket-App/inventory/internal/service/application/part/validate_compatibility.go:104.46,106.5 1 0
github.com/anemptyemptiness/Go-Rocket-App/inventory/internal/service/application/part/validate_compatibility.go:109.3,109.74 1 0
github.com/anemptyemptiness/Go-Rocket-App/inventory/internal/service/application/part/validate_compatibility.go:109.74,111.4 1 0
github.com/anemptyemptiness/Go-Rocket-App/inventory/internal/service/application/part/validate_compatibility.go:113.3,113.13 1 0
github.com/anemptyemptiness/Go-Rocket-App/inventory/internal/service/application/part/validate_compatibility.go:115.2,115.16 1 0
github.com/anemptyemptiness/Go-Rocket-App/inventory/internal/service/application/part/validate_compatibility.go:115.16,117.3 1 0
github.com/anemptyemptiness/Go-Rocket-App/inventory/internal/service/application/part/validate_compatibility.go:119.2,119.12 1 0
github.com/anemptyemptiness/Go-Rocket-App/inventory/internal/service/application/part/validate_compatibility.go:123.90,124.63 1 0
github.com/anemptyemptiness/Go-Rocket-App/inventory/internal/service/application/part/validate_compatibility.go:124.63,128.17 3 0
github.com/anemptyemptiness/Go-Rocket-App/inventory/internal/service/application/part/validate_compatibility.go:128.17,129.44 1 0
github.com/anemptyemptiness/Go-Rocket-App/inventory/internal/service/application/part/validate_compatibility.go:129.44,131.5 1 0
github.com/anemptyemptiness/Go-Rocket-App/inventory/internal/service/application/part/validate_compatibility.go:132.4,132.49 1 0
github.com/anemptyemptiness/Go-Rocket-App/inventory/internal/service/application/part/validate_compatibility.go:132.49,134.5 1 0
github.com/anemptyemptiness/Go-Rocket-App/inventory/internal/service/application/part/validate_compatibility.go:135.4,135.95 1 0
github.com/anemptyemptiness/Go-Rocket-App/inventory/internal/service/application/part/validate_compatibility.go:137.3,137.63 1 0
github.com/anemptyemptiness/Go-Rocket-App/inventory/internal/service/application/part/validate_compatibility.go:137.63,139.4 1 0
github.com/anemptyemptiness/Go-Rocket-App/inventory/internal/service/application/part/validate_compatibility.go:141.3,141.26 1 0
github.com/anemptyemptiness/Go-Rocket-App/inventory/internal/service/application/part/validate_compatibility.go:141.26,142.46 1 0
github.com/anemptyemptiness/Go-Rocket-App/inventory/internal/service/application/part/validate_compatibility.go:142.46,144.5 1 0
github.com/anemptyemptiness/Go-Rocket-App/inventory/internal/service/application/part/validate_compatibility.go:147.3,147.74 1 0
[...]
github.com/anemptyemptiness/Go-Rocket-App/inventory/internal/service/application/part/part.go:22.40,24.3 1 0
github.com/anemptyemptiness/Go-Rocket-App/inventory/internal/service/application/part/part.go:26.2,27.16 2 2
github.com/anemptyemptiness/Go-Rocket-App/inventory/internal/service/application/part/part.go:27.16,28.43 1 1
github.com/anemptyemptiness/Go-Rocket-App/inventory/internal/service/application/part/part.go:28.43,30.4 1 1
github.com/anemptyemptiness/Go-Rocket-App/inventory/internal/service/application/part/part.go:31.3,31.94 1 0
github.com/anemptyemptiness/Go-Rocket-App/inventory/internal/service/application/part/part.go:34.2,34.18 1 1
github.com/anemptyemptiness/Go-Rocket-App/inventory/internal/service/application/part/part.go:37.98,38.27 1 4
github.com/anemptyemptiness/Go-Rocket-App/inventory/internal/service/application/part/part.go:38.27,39.42 1 4
github.com/anemptyemptiness/Go-Rocket-App/inventory/internal/service/application/part/part.go:39.42,41.42 2 12
github.com/anemptyemptiness/Go-Rocket-App/inventory/internal/service/application/part/part.go:41.42,43.5 1 0
github.com/anemptyemptiness/Go-Rocket-App/inventory/internal/service/application/part/part.go:47.2,48.16 2 4
github.com/anemptyemptiness/Go-Rocket-App/inventory/internal/service/application/part/part.go:48.16,49.43 1 1
github.com/anemptyemptiness/Go-Rocket-App/inventory/internal/service/application/part/part.go:49.43,51.4 1 1
github.com/anemptyemptiness/Go-Rocket-App/inventory/internal/service/application/part/part.go:52.3,52.48 1 0
github.com/anemptyemptiness/Go-Rocket-App/inventory/internal/service/application/part/part.go:52.48,54.4 1 0
github.com/anemptyemptiness/Go-Rocket-App/inventory/internal/service/application/part/part.go:55.3,55.99 1 0
github.com/anemptyemptiness/Go-Rocket-App/inventory/internal/service/application/part/part.go:57.2,57.62 1 3
github.com/anemptyemptiness/Go-Rocket-App/inventory/internal/service/application/part/part.go:57.62,59.3 1 0
github.com/anemptyemptiness/Go-Rocket-App/inventory/internal/service/application/part/part.go:61.2,61.19 1 3
github.com/anemptyemptiness/Go-Rocket-App/inventory/internal/service/application/part/part.go:64.88,65.63 1 8
github.com/anemptyemptiness/Go-Rocket-App/inventory/internal/service/application/part/part.go:65.63,69.17 3 8
github.com/anemptyemptiness/Go-Rocket-App/inventory/internal/service/application/part/part.go:69.17,70.44 1 3
github.com/anemptyemptiness/Go-Rocket-App/inventory/internal/service/application/part/part.go:70.44,72.5 1 1
github.com/anemptyemptiness/Go-Rocket-App/inventory/internal/service/application/part/part.go:73.4,73.49 1 2
github.com/anemptyemptiness/Go-Rocket-App/inventory/internal/service/application/part/part.go:73.49,75.5 1 1
github.com/anemptyemptiness/Go-Rocket-App/inventory/internal/service/application/part/part.go:76.4,76.95 1 1
github.com/anemptyemptiness/Go-Rocket-App/inventory/internal/service/application/part/part.go:78.3,78.63 1 5
github.com/anemptyemptiness/Go-Rocket-App/inventory/internal/service/application/part/part.go:78.63,80.4 1 0
github.com/anemptyemptiness/Go-Rocket-App/inventory/internal/service/application/part/part.go:82.3,82.30 1 5
github.com/anemptyemptiness/Go-Rocket-App/inventory/internal/service/application/part/part.go:82.30,83.63 1 9
github.com/anemptyemptiness/Go-Rocket-App/inventory/internal/service/application/part/part.go:83.63,85.5 1 2
github.com/anemptyemptiness/Go-Rocket-App/inventory/internal/service/application/part/part.go:88.3,89.17 2 3
github.com/anemptyemptiness/Go-Rocket-App/inventory/internal/service/application/part/part.go:89.17,90.44 1 2
github.com/anemptyemptiness/Go-Rocket-App/inventory/internal/service/application/part/part.go:90.44,92.5 1 1
github.com/anemptyemptiness/Go-Rocket-App/inventory/internal/service/application/part/part.go:93.4,93.78 1 1
github.com/anemptyemptiness/Go-Rocket-App/inventory/internal/service/application/part/part.go:96.3,96.13 1 1
github.com/anemptyemptiness/Go-Rocket-App/inventory/internal/service/application/part/service.go:13.12,19.2 1 15
github.com/anemptyemptiness/Go-Rocket-App/inventory/internal/service/application/part/validate_compatibility.go:15.108,17.16 2 2
github.com/anemptyemptiness/Go-Rocket-App/inventory/internal/service/application/part/validate_compatibility.go:17.16,19.3 1 0
github.com/anemptyemptiness/Go-Rocket-App/inventory/internal/service/application/part/validate_compatibility.go:21.2,22.16 2 2
github.com/anemptyemptiness/Go-Rocket-App/inventory/internal/service/application/part/validate_compatibility.go:22.16,24.3 1 0
github.com/anemptyemptiness/Go-Rocket-App/inventory/internal/service/application/part/validate_compatibility.go:26.2,27.16 2 2
github.com/anemptyemptiness/Go-Rocket-App/inventory/internal/service/application/part/validate_compatibility.go:27.16,29.3 1 1
github.com/anemptyemptiness/Go-Rocket-App/inventory/internal/service/application/part/validate_compatibility.go:31.2,32.16 2 1
github.com/anemptyemptiness/Go-Rocket-App/inventory/internal/service/application/part/validate_compatibility.go:32.16,34.3 1 0
github.com/anemptyemptiness/Go-Rocket-App/inventory/internal/service/application/part/validate_compatibility.go:36.2,36.12 1 1
github.com/anemptyemptiness/Go-Rocket-App/inventory/internal/service/application/part/validate_compatibility.go:39.106,45.26 2 2
github.com/anemptyemptiness/Go-Rocket-App/inventory/internal/service/application/part/validate_compatibility.go:45.26,47.3 1 1
github.com/anemptyemptiness/Go-Rocket-App/inventory/internal/service/application/part/validate_compatibility.go:48.2,48.26 1 2
github.com/anemptyemptiness/Go-Rocket-App/inventory/internal/service/application/part/validate_compatibility.go:48.26,50.3 1 1
github.com/anemptyemptiness/Go-Rocket-App/inventory/internal/service/application/part/validate_compatibility.go:52.2,53.27 2 2
github.com/anemptyemptiness/Go-Rocket-App/inventory/internal/service/application/part/validate_compatibility.go:53.27,54.15 1 6
github.com/anemptyemptiness/Go-Rocket-App/inventory/internal/service/application/part/validate_compatibility.go:54.15,55.12 1 0
github.com/anemptyemptiness/Go-Rocket-App/inventory/internal/service/application/part/validate_compatibility.go:57.3,57.36 1 6
github.com/anemptyemptiness/Go-Rocket-App/inventory/internal/service/application/part/validate_compatibility.go:57.36,59.4 1 0
github.com/anemptyemptiness/Go-Rocket-App/inventory/internal/service/application/part/validate_compatibility.go:61.3,61.24 1 6
github.com/anemptyemptiness/Go-Rocket-App/inventory/internal/service/application/part/validate_compatibility.go:64.2,64.12 1 2
github.com/anemptyemptiness/Go-Rocket-App/inventory/internal/service/application/part/validate_compatibility.go:67.122,68.29 1 2
github.com/anemptyemptiness/Go-Rocket-App/inventory/internal/service/application/part/validate_compatibility.go:68.29,69.10 1 5
github.com/anemptyemptiness/Go-Rocket-App/inventory/internal/service/application/part/validate_compatibility.go:70.93,71.59 1 0
github.com/anemptyemptiness/Go-Rocket-App/inventory/internal/service/application/part/validate_compatibility.go:72.97,73.59 1 0
github.com/anemptyemptiness/Go-Rocket-App/inventory/internal/service/application/part/validate_compatibility.go:74.97,75.59 1 1
github.com/anemptyemptiness/Go-Rocket-App/inventory/internal/service/application/part/validate_compatibility.go:76.97,77.59 1 0
github.com/anemptyemptiness/Go-Rocket-App/inventory/internal/service/application/part/validate_compatibility.go:81.2,81.12 1 1
github.com/anemptyemptiness/Go-Rocket-App/inventory/internal/service/application/part/validate_compatibility.go:85.90,86.63 1 0
github.com/anemptyemptiness/Go-Rocket-App/inventory/internal/service/application/part/validate_compatibility.go:86.63,90.17 3 0
github.com/anemptyemptiness/Go-Rocket-App/inventory/internal/service/application/part/validate_compatibility.go:90.17,91.44 1 0
github.com/anemptyemptiness/Go-Rocket-App/inventory/internal/service/application/part/validate_compatibility.go:91.44,93.5 1 0
github.com/anemptyemptiness/Go-Rocket-App/inventory/internal/service/application/part/validate_compatibility.go:94.4,94.49 1 0
github.com/anemptyemptiness/Go-Rocket-App/inventory/internal/service/application/part/validate_compatibility.go:94.49,96.5 1 0
github.com/anemptyemptiness/Go-Rocket-App/inventory/internal/service/application/part/validate_compatibility.go:97.4,97.95 1 0
github.com/anemptyemptiness/Go-Rocket-App/inventory/internal/service/application/part/validate_compatibility.go:99.3,99.63 1 0
github.com/anemptyemptiness/Go-Rocket-App/inventory/internal/service/application/part/validate_compatibility.go:99.63,101.4 1 0
github.com/anemptyemptiness/Go-Rocket-App/inventory/internal/service/application/part/validate_compatibility.go:103.3,103.26 1 0
github.com/anemptyemptiness/Go-Rocket-App/inventory/internal/service/application/part/validate_compatibility.go:103.26,104.46 1 0
github.com/anemptyemptiness/Go-Rocket-App/inventory/internal/service/application/part/validate_compatibility.go:104.46,106.5 1 0
github.com/anemptyemptiness/Go-Rocket-App/inventory/internal/service/application/part/validate_compatibility.go:109.3,109.74 1 0
github.com/anemptyemptiness/Go-Rocket-App/inventory/internal/service/application/part/validate_compatibility.go:109.74,111.4 1 0
github.com/anemptyemptiness/Go-Rocket-App/inventory/internal/service/application/part/validate_compatibility.go:113.3,113.13 1 0
github.com/anemptyemptiness/Go-Rocket-App/inventory/internal/service/application/part/validate_compatibility.go:115.2,115.16 1 0
github.com/anemptyemptiness/Go-Rocket-App/inventory/internal/service/application/part/validate_compatibility.go:115.16,117.3 1 0
github.com/anemptyemptiness/Go-Rocket-App/inventory/internal/service/application/part/validate_compatibility.go:119.2,119.12 1 0
github.com/anemptyemptiness/Go-Rocket-App/inventory/internal/service/application/part/validate_compatibility.go:123.90,124.63 1 0
github.com/anemptyemptiness/Go-Rocket-App/inventory/internal/service/application/part/validate_compatibility.go:124.63,128.17 3 0
github.com/anemptyemptiness/Go-Rocket-App/inventory/internal/service/application/part/validate_compatibility.go:128.17,129.44 1 0
github.com/anemptyemptiness/Go-Rocket-App/inventory/internal/service/application/part/validate_compatibility.go:129.44,131.5 1 0
github.com/anemptyemptiness/Go-Rocket-App/inventory/internal/service/application/part/validate_compatibility.go:132.4,132.49 1 0
github.com/anemptyemptiness/Go-Rocket-App/inventory/internal/service/application/part/validate_compatibility.go:132.49,134.5 1 0
github.com/anemptyemptiness/Go-Rocket-App/inventory/internal/service/application/part/validate_compatibility.go:135.4,135.95 1 0
github.com/anemptyemptiness/Go-Rocket-App/inventory/internal/service/application/part/validate_compatibility.go:137.3,137.63 1 0
github.com/anemptyemptiness/Go-Rocket-App/inventory/internal/service/application/part/validate_compatibility.go:137.63,139.4 1 0
github.com/anemptyemptiness/Go-Rocket-App/inventory/internal/service/application/part/validate_compatibility.go:141.3,141.26 1 0
github.com/anemptyemptiness/Go-Rocket-App/inventory/internal/service/application/part/validate_compatibility.go:141.26,142.46 1 0
github.com/anemptyemptiness/Go-Rocket-App/inventory/internal/service/application/part/validate_compatibility.go:142.46,144.5 1 0
github.com/anemptyemptiness/Go-Rocket-App/inventory/internal/service/application/part/validate_compatibility.go:147.3,147.74 1 0
github.com/anemptyemptiness/Go-Rocket-App/inventory/internal/service/application/part/validate_compatibility.go:147.74,149.4 1 0
github.com/anemptyemptiness/Go-Rocket-App/inventory/internal/service/application/part/validate_compatibility.go:151.3,151.13 1 0
github.com/anemptyemptiness/Go-Rocket-App/inventory/internal/service/application/part/validate_compatibility.go:153.2,153.16 1 0
github.com/anemptyemptiness/Go-Rocket-App/inventory/internal/service/application/part/validate_compatibility.go:153.16,155.3 1 0
github.com/anemptyemptiness/Go-Rocket-App/inventory/internal/service/application/part/validate_compatibility.go:157.2,157.12 1 0
github.com/anemptyemptiness/Go-Rocket-App/inventory/internal/service/domain/compatibility_checker/funcs.go:17.52,20.45 2 0
github.com/anemptyemptiness/Go-Rocket-App/inventory/internal/service/domain/compatibility_checker/funcs.go:20.45,22.3 1 0
github.com/anemptyemptiness/Go-Rocket-App/inventory/internal/service/domain/compatibility_checker/funcs.go:24.2,24.47 1 0
github.com/anemptyemptiness/Go-Rocket-App/inventory/internal/service/domain/compatibility_checker/funcs.go:24.47,26.3 1 0
github.com/anemptyemptiness/Go-Rocket-App/inventory/internal/service/domain/compatibility_checker/funcs.go:28.2,28.12 1 0
github.com/anemptyemptiness/Go-Rocket-App/inventory/internal/service/domain/compatibility_checker/funcs.go:31.53,34.29 2 0
github.com/anemptyemptiness/Go-Rocket-App/inventory/internal/service/domain/compatibility_checker/funcs.go:34.29,36.42 2 0
github.com/anemptyemptiness/Go-Rocket-App/inventory/internal/service/domain/compatibility_checker/funcs.go:36.42,38.4 1 0
github.com/anemptyemptiness/Go-Rocket-App/inventory/internal/service/domain/compatibility_checker/funcs.go:39.3,39.44 1 0
github.com/anemptyemptiness/Go-Rocket-App/inventory/internal/service/domain/compatibility_checker/funcs.go:39.44,41.4 1 0
github.com/anemptyemptiness/Go-Rocket-App/inventory/internal/service/domain/compatibility_checker/funcs.go:42.3,42.44 1 0
github.com/anemptyemptiness/Go-Rocket-App/inventory/internal/service/domain/compatibility_checker/funcs.go:42.44,44.4 1 0
github.com/anemptyemptiness/Go-Rocket-App/inventory/internal/service/domain/compatibility_checker/funcs.go:45.3,45.44 1 0
github.com/anemptyemptiness/Go-Rocket-App/inventory/internal/service/domain/compatibility_checker/funcs.go:45.44,47.4 1 0
github.com/anemptyemptiness/Go-Rocket-App/inventory/internal/service/domain/compatibility_checker/funcs.go:50.2,50.12 1 0
github.com/anemptyemptiness/Go-Rocket-App/inventory/internal/service/domain/compatibility_checker/funcs.go:53.41,56.28 1 0
github.com/anemptyemptiness/Go-Rocket-App/inventory/internal/service/domain/compatibility_checker/funcs.go:56.28,58.3 1 0
github.com/anemptyemptiness/Go-Rocket-App/inventory/internal/service/domain/compatibility_checker/funcs.go:60.2,62.28 1 0
github.com/anemptyemptiness/Go-Rocket-App/inventory/internal/service/domain/compatibility_checker/funcs.go:62.28,64.3 1 0
github.com/anemptyemptiness/Go-Rocket-App/inventory/internal/service/domain/compatibility_checker/funcs.go:66.2,68.29 1 0
github.com/anemptyemptiness/Go-Rocket-App/inventory/internal/service/domain/compatibility_checker/funcs.go:68.29,70.3 1 0
github.com/anemptyemptiness/Go-Rocket-App/inventory/internal/service/domain/compatibility_checker/funcs.go:72.2,72.12 1 0
github.com/anemptyemptiness/Go-Rocket-App/inventory/internal/service/domain/compatibility_checker/funcs.go:75.43,76.84 1 0
github.com/anemptyemptiness/Go-Rocket-App/inventory/internal/service/domain/compatibility_checker/funcs.go:76.84,78.3 1 0
github.com/anemptyemptiness/Go-Rocket-App/inventory/internal/service/domain/compatibility_checker/funcs.go:80.2,80.12 1 0
github.com/anemptyemptiness/Go-Rocket-App/inventory/internal/service/domain/compatibility_checker/service.go:5.21,7.2 1 0
github.com/anemptyemptiness/Go-Rocket-App/inventory/internal/service/input/part.go:17.56,20.24 2 4
github.com/anemptyemptiness/Go-Rocket-App/inventory/internal/service/input/part.go:20.24,22.3 1 2
github.com/anemptyemptiness/Go-Rocket-App/inventory/internal/service/input/part.go:23.2,23.24 1 4
github.com/anemptyemptiness/Go-Rocket-App/inventory/internal/service/input/part.go:23.24,25.3 1 2
github.com/anemptyemptiness/Go-Rocket-App/inventory/internal/service/input/part.go:27.2,27.14 1 4
github.com/anemptyemptiness/Go-Rocket-App/payment/internal/api/payment/v1/api.go:11.46,15.2 1 0
github.com/anemptyemptiness/Go-Rocket-App/payment/internal/api/payment/v1/funcs.go:10.114,12.16 2 0
github.com/anemptyemptiness/Go-Rocket-App/payment/internal/api/payment/v1/funcs.go:12.16,14.3 1 0
github.com/anemptyemptiness/Go-Rocket-App/payment/internal/api/payment/v1/funcs.go:16.2,17.16 2 0
github.com/anemptyemptiness/Go-Rocket-App/payment/internal/api/payment/v1/funcs.go:17.16,19.3 1 0
github.com/anemptyemptiness/Go-Rocket-App/payment/internal/api/payment/v1/funcs.go:21.2,23.8 1 0
github.com/anemptyemptiness/Go-Rocket-App/payment/internal/service/payment/funcs.go:14.85,15.25 1 0
github.com/anemptyemptiness/Go-Rocket-App/payment/internal/service/payment/funcs.go:15.25,17.3 1 0
github.com/anemptyemptiness/Go-Rocket-App/payment/internal/service/payment/funcs.go:19.2,20.41 2 0
github.com/anemptyemptiness/Go-Rocket-App/payment/internal/service/payment/funcs.go:20.41,22.3 1 0
github.com/anemptyemptiness/Go-Rocket-App/payment/internal/service/payment/funcs.go:24.2,24.57 1 0
github.com/anemptyemptiness/Go-Rocket-App/payment/internal/service/payment/funcs.go:24.57,26.3 1 0
github.com/anemptyemptiness/Go-Rocket-App/payment/internal/service/payment/funcs.go:28.2,35.38 3 0
github.com/anemptyemptiness/Go-Rocket-App/payment/internal/service/payment/service.go:5.21,7.2 1 0
github.com/anemptyemptiness/Go-Rocket-App/payment/internal/api/payment/v1/api.go:11.46,15.2 1 6
github.com/anemptyemptiness/Go-Rocket-App/payment/internal/api/payment/v1/funcs.go:10.114,12.16 2 6
github.com/anemptyemptiness/Go-Rocket-App/payment/internal/api/payment/v1/funcs.go:12.16,14.3 1 1
github.com/anemptyemptiness/Go-Rocket-App/payment/internal/api/payment/v1/funcs.go:16.2,17.16 2 5
github.com/anemptyemptiness/Go-Rocket-App/payment/internal/api/payment/v1/funcs.go:17.16,19.3 1 4
github.com/anemptyemptiness/Go-Rocket-App/payment/internal/api/payment/v1/funcs.go:21.2,23.8 1 1
github.com/anemptyemptiness/Go-Rocket-App/payment/internal/service/payment/funcs.go:14.85,15.25 1 0
github.com/anemptyemptiness/Go-Rocket-App/payment/internal/service/payment/funcs.go:15.25,17.3 1 0
github.com/anemptyemptiness/Go-Rocket-App/payment/internal/service/payment/funcs.go:19.2,20.41 2 0
github.com/anemptyemptiness/Go-Rocket-App/payment/internal/service/payment/funcs.go:20.41,22.3 1 0
github.com/anemptyemptiness/Go-Rocket-App/payment/internal/service/payment/funcs.go:24.2,24.57 1 0
github.com/anemptyemptiness/Go-Rocket-App/payment/internal/service/payment/funcs.go:24.57,26.3 1 0
github.com/anemptyemptiness/Go-Rocket-App/payment/internal/service/payment/funcs.go:28.2,35.38 3 0
github.com/anemptyemptiness/Go-Rocket-App/payment/internal/service/payment/service.go:5.21,7.2 1 0
github.com/anemptyemptiness/Go-Rocket-App/payment/internal/api/payment/v1/api.go:11.46,15.2 1 0
github.com/anemptyemptiness/Go-Rocket-App/payment/internal/api/payment/v1/funcs.go:10.114,12.16 2 0
github.com/anemptyemptiness/Go-Rocket-App/payment/internal/api/payment/v1/funcs.go:12.16,14.3 1 0
github.com/anemptyemptiness/Go-Rocket-App/payment/internal/api/payment/v1/funcs.go:16.2,17.16 2 0
github.com/anemptyemptiness/Go-Rocket-App/payment/internal/api/payment/v1/funcs.go:17.16,19.3 1 0
github.com/anemptyemptiness/Go-Rocket-App/payment/internal/api/payment/v1/funcs.go:21.2,23.8 1 0
github.com/anemptyemptiness/Go-Rocket-App/payment/internal/service/payment/funcs.go:14.85,15.25 1 7
github.com/anemptyemptiness/Go-Rocket-App/payment/internal/service/payment/funcs.go:15.25,17.3 1 1
github.com/anemptyemptiness/Go-Rocket-App/payment/internal/service/payment/funcs.go:19.2,20.41 2 6
github.com/anemptyemptiness/Go-Rocket-App/payment/internal/service/payment/funcs.go:20.41,22.3 1 1
github.com/anemptyemptiness/Go-Rocket-App/payment/internal/service/payment/funcs.go:24.2,24.57 1 5
github.com/anemptyemptiness/Go-Rocket-App/payment/internal/service/payment/funcs.go:24.57,26.3 1 1
github.com/anemptyemptiness/Go-Rocket-App/payment/internal/service/payment/funcs.go:28.2,35.38 3 4
github.com/anemptyemptiness/Go-Rocket-App/payment/internal/service/payment/service.go:5.21,7.2 1 7
