mode: atomic
github.com/anemptyemptiness/Go-Rocket-App/order/internal/api/order/v1/api.go:11.45,15.2 1 0
github.com/anemptyemptiness/Go-Rocket-App/order/internal/api/order/v1/funcs.go:10.105,12.16 2 0
github.com/anemptyemptiness/Go-Rocket-App/order/internal/api/order/v1/funcs.go:12.16,14.3 1 0
github.com/anemptyemptiness/Go-Rocket-App/order/internal/api/order/v1/funcs.go:16.2,16.46 1 0
github.com/anemptyemptiness/Go-Rocket-App/order/internal/api/order/v1/funcs.go:19.113,21.16 2 0
github.com/anemptyemptiness/Go-Rocket-App/order/internal/api/order/v1/funcs.go:21.16,23.3 1 0
github.com/anemptyemptiness/Go-Rocket-App/order/internal/api/order/v1/funcs.go:25.2,26.16 2 0
github.com/anemptyemptiness/Go-Rocket-App/order/internal/api/order/v1/funcs.go:26.16,28.3 1 0
github.com/anemptyemptiness/Go-Rocket-App/order/internal/api/order/v1/funcs.go:30.2,33.8 1 0
github.com/anemptyemptiness/Go-Rocket-App/order/internal/api/order/v1/funcs.go:36.135,38.16 2 0
github.com/anemptyemptiness/Go-Rocket-App/order/internal/api/order/v1/funcs.go:38.16,40.3 1 0
github.com/anemptyemptiness/Go-Rocket-App/order/internal/api/order/v1/funcs.go:42.2,43.16 2 0
github.com/anemptyemptiness/Go-Rocket-App/order/internal/api/order/v1/funcs.go:43.16,45.3 1 0
github.com/anemptyemptiness/Go-Rocket-App/order/internal/api/order/v1/funcs.go:47.2,49.8 1 0
github.com/anemptyemptiness/Go-Rocket-App/order/internal/api/order/v1/funcs.go:52.114,54.16 2 0
github.com/anemptyemptiness/Go-Rocket-App/order/internal/api/order/v1/funcs.go:54.16,56.3 1 0
github.com/anemptyemptiness/Go-Rocket-App/order/internal/api/order/v1/funcs.go:58.2,58.44 1 0
github.com/anemptyemptiness/Go-Rocket-App/order/internal/service/order/funcs.go:14.86,16.16 2 3
github.com/anemptyemptiness/Go-Rocket-App/order/internal/service/order/funcs.go:16.16,18.3 1 2
github.com/anemptyemptiness/Go-Rocket-App/order/internal/service/order/funcs.go:20.2,20.19 1 1
github.com/anemptyemptiness/Go-Rocket-App/order/internal/service/order/funcs.go:23.98,24.60 1 5
github.com/anemptyemptiness/Go-Rocket-App/order/internal/service/order/funcs.go:24.60,26.3 1 1
github.com/anemptyemptiness/Go-Rocket-App/order/internal/service/order/funcs.go:28.2,32.16 4 4
github.com/anemptyemptiness/Go-Rocket-App/order/internal/service/order/funcs.go:32.16,34.3 1 1
github.com/anemptyemptiness/Go-Rocket-App/order/internal/service/order/funcs.go:36.2,37.29 2 3
github.com/anemptyemptiness/Go-Rocket-App/order/internal/service/order/funcs.go:37.29,38.30 1 7
github.com/anemptyemptiness/Go-Rocket-App/order/internal/service/order/funcs.go:38.30,40.4 1 1
github.com/anemptyemptiness/Go-Rocket-App/order/internal/service/order/funcs.go:41.3,41.27 1 6
github.com/anemptyemptiness/Go-Rocket-App/order/internal/service/order/funcs.go:44.2,57.16 4 2
github.com/anemptyemptiness/Go-Rocket-App/order/internal/service/order/funcs.go:57.16,59.3 1 1
github.com/anemptyemptiness/Go-Rocket-App/order/internal/service/order/funcs.go:61.2,61.19 1 1
github.com/anemptyemptiness/Go-Rocket-App/order/internal/service/order/funcs.go:64.118,66.16 2 5
github.com/anemptyemptiness/Go-Rocket-App/order/internal/service/order/funcs.go:66.16,68.3 1 1
github.com/anemptyemptiness/Go-Rocket-App/order/internal/service/order/funcs.go:70.2,70.53 1 4
github.com/anemptyemptiness/Go-Rocket-App/order/internal/service/order/funcs.go:70.53,72.3 1 1
github.com/anemptyemptiness/Go-Rocket-App/order/internal/service/order/funcs.go:74.2,78.16 4 3
github.com/anemptyemptiness/Go-Rocket-App/order/internal/service/order/funcs.go:78.16,80.3 1 1
github.com/anemptyemptiness/Go-Rocket-App/order/internal/service/order/funcs.go:82.2,87.16 5 2
github.com/anemptyemptiness/Go-Rocket-App/order/internal/service/order/funcs.go:87.16,89.3 1 1
github.com/anemptyemptiness/Go-Rocket-App/order/internal/service/order/funcs.go:91.2,91.29 1 1
github.com/anemptyemptiness/Go-Rocket-App/order/internal/service/order/funcs.go:94.74,96.16 2 5
github.com/anemptyemptiness/Go-Rocket-App/order/internal/service/order/funcs.go:96.16,98.3 1 1
github.com/anemptyemptiness/Go-Rocket-App/order/internal/service/order/funcs.go:100.2,100.22 1 4
github.com/anemptyemptiness/Go-Rocket-App/order/internal/service/order/funcs.go:101.29,102.34 1 1
github.com/anemptyemptiness/Go-Rocket-App/order/internal/service/order/funcs.go:103.34,104.39 1 1
github.com/anemptyemptiness/Go-Rocket-App/order/internal/service/order/funcs.go:107.2,110.16 3 2
github.com/anemptyemptiness/Go-Rocket-App/order/internal/service/order/funcs.go:110.16,112.3 1 1
github.com/anemptyemptiness/Go-Rocket-App/order/internal/service/order/funcs.go:114.2,114.12 1 1
github.com/anemptyemptiness/Go-Rocket-App/order/internal/service/order/service.go:13.12,19.2 1 18
github.com/anemptyemptiness/Go-Rocket-App/order/internal/api/order/v1/api.go:11.45,15.2 1 21
github.com/anemptyemptiness/Go-Rocket-App/order/internal/api/order/v1/funcs.go:10.105,12.16 2 3
github.com/anemptyemptiness/Go-Rocket-App/order/internal/api/order/v1/funcs.go:12.16,14.3 1 2
github.com/anemptyemptiness/Go-Rocket-App/order/internal/api/order/v1/funcs.go:16.2,16.46 1 1
github.com/anemptyemptiness/Go-Rocket-App/order/internal/api/order/v1/funcs.go:19.113,21.16 2 7
github.com/anemptyemptiness/Go-Rocket-App/order/internal/api/order/v1/funcs.go:21.16,23.3 1 1
github.com/anemptyemptiness/Go-Rocket-App/order/internal/api/order/v1/funcs.go:25.2,26.16 2 6
github.com/anemptyemptiness/Go-Rocket-App/order/internal/api/order/v1/funcs.go:26.16,28.3 1 5
github.com/anemptyemptiness/Go-Rocket-App/order/internal/api/order/v1/funcs.go:30.2,33.8 1 1
github.com/anemptyemptiness/Go-Rocket-App/order/internal/api/order/v1/funcs.go:36.135,38.16 2 6
github.com/anemptyemptiness/Go-Rocket-App/order/internal/api/order/v1/funcs.go:38.16,40.3 1 1
github.com/anemptyemptiness/Go-Rocket-App/order/internal/api/order/v1/funcs.go:42.2,43.16 2 5
github.com/anemptyemptiness/Go-Rocket-App/order/internal/api/order/v1/funcs.go:43.16,45.3 1 4
github.com/anemptyemptiness/Go-Rocket-App/order/internal/api/order/v1/funcs.go:47.2,49.8 1 1
github.com/anemptyemptiness/Go-Rocket-App/order/internal/api/order/v1/funcs.go:52.114,54.16 2 5
github.com/anemptyemptiness/Go-Rocket-App/order/internal/api/order/v1/funcs.go:54.16,56.3 1 4
github.com/anemptyemptiness/Go-Rocket-App/order/internal/api/order/v1/funcs.go:58.2,58.44 1 1
github.com/anemptyemptiness/Go-Rocket-App/order/internal/service/order/funcs.go:14.86,16.16 2 0
github.com/anemptyemptiness/Go-Rocket-App/order/internal/service/order/funcs.go:16.16,18.3 1 0
github.com/anemptyemptiness/Go-Rocket-App/order/internal/service/order/funcs.go:20.2,20.19 1 0
github.com/anemptyemptiness/Go-Rocket-App/order/internal/service/order/funcs.go:23.98,24.60 1 0
github.com/anemptyemptiness/Go-Rocket-App/order/internal/service/order/funcs.go:24.60,26.3 1 0
github.com/anemptyemptiness/Go-Rocket-App/order/internal/service/order/funcs.go:28.2,32.16 4 0
github.com/anemptyemptiness/Go-Rocket-App/order/internal/service/order/funcs.go:32.16,34.3 1 0
github.com/anemptyemptiness/Go-Rocket-App/order/internal/service/order/funcs.go:36.2,37.29 2 0
github.com/anemptyemptiness/Go-Rocket-App/order/internal/service/order/funcs.go:37.29,38.30 1 0
github.com/anemptyemptiness/Go-Rocket-App/order/internal/service/order/funcs.go:38.30,40.4 1 0
github.com/anemptyemptiness/Go-Rocket-App/order/internal/service/order/funcs.go:41.3,41.27 1 0
github.com/anemptyemptiness/Go-Rocket-App/order/internal/service/order/funcs.go:44.2,57.16 4 0
github.com/anemptyemptiness/Go-Rocket-App/order/internal/service/order/funcs.go:57.16,59.3 1 0
github.com/anemptyemptiness/Go-Rocket-App/order/internal/service/order/funcs.go:61.2,61.19 1 0
github.com/anemptyemptiness/Go-Rocket-App/order/internal/service/order/funcs.go:64.118,66.16 2 0
github.com/anemptyemptiness/Go-Rocket-App/order/internal/service/order/funcs.go:66.16,68.3 1 0
github.com/anemptyemptiness/Go-Rocket-App/order/internal/service/order/funcs.go:70.2,70.53 1 0
github.com/anemptyemptiness/Go-Rocket-App/order/internal/service/order/funcs.go:70.53,72.3 1 0
github.com/anemptyemptiness/Go-Rocket-App/order/internal/service/order/funcs.go:74.2,78.16 4 0
github.com/anemptyemptiness/Go-Rocket-App/order/internal/service/order/funcs.go:78.16,80.3 1 0
github.com/anemptyemptiness/Go-Rocket-App/order/internal/service/order/funcs.go:82.2,87.16 5 0
github.com/anemptyemptiness/Go-Rocket-App/order/internal/service/order/funcs.go:87.16,89.3 1 0
github.com/anemptyemptiness/Go-Rocket-App/order/internal/service/order/funcs.go:91.2,91.29 1 0
github.com/anemptyemptiness/Go-Rocket-App/order/internal/service/order/funcs.go:94.74,96.16 2 0
github.com/anemptyemptiness/Go-Rocket-App/order/internal/service/order/funcs.go:96.16,98.3 1 0
github.com/anemptyemptiness/Go-Rocket-App/order/internal/service/order/funcs.go:100.2,100.22 1 0
github.com/anemptyemptiness/Go-Rocket-App/order/internal/service/order/funcs.go:101.29,102.34 1 0
github.com/anemptyemptiness/Go-Rocket-App/order/internal/service/order/funcs.go:103.34,104.39 1 0
github.com/anemptyemptiness/Go-Rocket-App/order/internal/service/order/funcs.go:107.2,110.16 3 0
github.com/anemptyemptiness/Go-Rocket-App/order/internal/service/order/funcs.go:110.16,112.3 1 0
github.com/anemptyemptiness/Go-Rocket-App/order/internal/service/order/funcs.go:114.2,114.12 1 0
github.com/anemptyemptiness/Go-Rocket-App/order/internal/service/order/service.go:13.12,19.2 1 0
github.com/anemptyemptiness/Go-Rocket-App/order/internal/service/order/funcs.go:14.86,16.16 2 0
github.com/anemptyemptiness/Go-Rocket-App/order/internal/service/order/funcs.go:16.16,18.3 1 0
github.com/anemptyemptiness/Go-Rocket-App/order/internal/service/order/funcs.go:20.2,20.19 1 0
github.com/anemptyemptiness/Go-Rocket-App/order/internal/service/order/funcs.go:23.98,24.60 1 0
github.com/anemptyemptiness/Go-Rocket-App/order/internal/service/order/funcs.go:24.60,26.3 1 0
github.com/anemptyemptiness/Go-Rocket-App/order/internal/service/order/funcs.go:28.2,32.16 4 0
github.com/anemptyemptiness/Go-Rocket-App/order/internal/service/order/funcs.go:32.16,34.3 1 0
github.com/anemptyemptiness/Go-Rocket-App/order/internal/service/order/funcs.go:36.2,37.29 2 0
github.com/anemptyemptiness/Go-Rocket-App/order/internal/service/order/funcs.go:37.29,38.30 1 0
github.com/anemptyemptiness/Go-Rocket-App/order/internal/service/order/funcs.go:38.30,40.4 1 0
github.com/anemptyemptiness/Go-Rocket-App/order/internal/service/order/funcs.go:41.3,41.27 1 0
github.com/anemptyemptiness/Go-Rocket-App/order/internal/service/order/funcs.go:44.2,57.16 4 0
github.com/anemptyemptiness/Go-Rocket-App/order/internal/service/order/funcs.go:57.16,59.3 1 0
github.com/anemptyemptiness/Go-Rocket-App/order/internal/service/order/funcs.go:61.2,61.19 1 0
github.com/anemptyemptiness/Go-Rocket-App/order/internal/service/order/funcs.go:64.118,66.16 2 0
github.com/anemptyemptiness/Go-Rocket-App/order/internal/service/order/funcs.go:66.16,68.3 1 0
github.com/anemptyemptiness/Go-Rocket-App/order/internal/service/order/funcs.go:70.2,70.53 1 0
github.com/anemptyemptiness/Go-Rocket-App/order/internal/service/order/funcs.go:70.53,72.3 1 0
github.com/anemptyemptiness/Go-Rocket-App/order/internal/service/order/funcs.go:74.2,78.16 4 0
github.com/anemptyemptiness/Go-Rocket-App/order/internal/service/order/funcs.go:78.16,80.3 1 0
github.com/anemptyemptiness/Go-Rocket-App/order/internal/service/order/funcs.go:82.2,87.16 5 0
github.com/anemptyemptiness/Go-Rocket-App/order/internal/service/order/funcs.go:87.16,89.3 1 0
github.com/anemptyemptiness/Go-Rocket-App/order/internal/service/order/funcs.go:91.2,91.29 1 0
github.com/anemptyemptiness/Go-Rocket-App/order/internal/service/order/funcs.go:94.74,96.16 2 0
github.com/anemptyemptiness/Go-Rocket-App/order/internal/service/order/funcs.go:96.16,98.3 1 0
github.com/anemptyemptiness/Go-Rocket-App/order/internal/service/order/funcs.go:100.2,100.22 1 0
github.com/anemptyemptiness/Go-Rocket-App/order/internal/service/order/funcs.go:101.29,102.34 1 0
github.com/anemptyemptiness/Go-Rocket-App/order/internal/service/order/funcs.go:103.34,104.39 1 0
github.com/anemptyemptiness/Go-Rocket-App/order/internal/service/order/funcs.go:107.2,110.16 3 0
github.com/anemptyemptiness/Go-Rocket-App/order/internal/service/order/funcs.go:110.16,112.3 1 0
github.com/anemptyemptiness/Go-Rocket-App/order/internal/service/order/funcs.go:114.2,114.12 1 0
github.com/anemptyemptiness/Go-Rocket-App/order/internal/service/order/service.go:13.12,19.2 1 0
github.com/anemptyemptiness/Go-Rocket-App/order/internal/api/order/v1/api.go:11.45,15.2 1 0
github.com/anemptyemptiness/Go-Rocket-App/order/internal/api/order/v1/funcs.go:10.105,12.16 2 0
github.com/anemptyemptiness/Go-Rocket-App/order/internal/api/order/v1/funcs.go:12.16,14.3 1 0
github.com/anemptyemptiness/Go-Rocket-App/order/internal/api/order/v1/funcs.go:16.2,16.46 1 0
github.com/anemptyemptiness/Go-Rocket-App/order/internal/api/order/v1/funcs.go:19.113,21.16 2 0
github.com/anemptyemptiness/Go-Rocket-App/order/internal/api/order/v1/funcs.go:21.16,23.3 1 0
github.com/anemptyemptiness/Go-Rocket-App/order/internal/api/order/v1/funcs.go:25.2,26.16 2 0
github.com/anemptyemptiness/Go-Rocket-App/order/internal/api/order/v1/funcs.go:26.16,28.3 1 0
github.com/anemptyemptiness/Go-Rocket-App/order/internal/api/order/v1/funcs.go:30.2,33.8 1 0
github.com/anemptyemptiness/Go-Rocket-App/order/internal/api/order/v1/funcs.go:36.135,38.16 2 0
github.com/anemptyemptiness/Go-Rocket-App/order/internal/api/order/v1/funcs.go:38.16,40.3 1 0
github.com/anemptyemptiness/Go-Rocket-App/order/internal/api/order/v1/funcs.go:42.2,43.16 2 0
github.com/anemptyemptiness/Go-Rocket-App/order/internal/api/order/v1/funcs.go:43.16,45.3 1 0
github.com/anemptyemptiness/Go-Rocket-App/order/internal/api/order/v1/funcs.go:47.2,49.8 1 0
github.com/anemptyemptiness/Go-Rocket-App/order/internal/api/order/v1/funcs.go:52.114,54.16 2 0
github.com/anemptyemptiness/Go-Rocket-App/order/internal/api/order/v1/funcs.go:54.16,56.3 1 0
github.com/anemptyemptiness/Go-Rocket-App/order/internal/api/order/v1/funcs.go:58.2,58.44 1 0
github.com/anemptyemptiness/Go-Rocket-App/inventory/internal/api/inventory/v1/api.go:11.50,15.2 1 0
github.com/anemptyemptiness/Go-Rocket-App/inventory/internal/api/inventory/v1/funcs.go:10.115,12.16 2 0
github.com/anemptyemptiness/Go-Rocket-App/inventory/internal/api/inventory/v1/funcs.go:12.16,14.3 1 0
github.com/anemptyemptiness/Go-Rocket-App/inventory/internal/api/inventory/v1/funcs.go:16.2,17.16 2 0
github.com/anemptyemptiness/Go-Rocket-App/inventory/internal/api/inventory/v1/funcs.go:17.16,19.3 1 0
github.com/anemptyemptiness/Go-Rocket-App/inventory/internal/api/inventory/v1/funcs.go:21.2,23.8 1 0
github.com/anemptyemptiness/Go-Rocket-App/inventory/internal/api/inventory/v1/funcs.go:26.121,28.16 2 0
github.com/anemptyemptiness/Go-Rocket-App/inventory/internal/api/inventory/v1/funcs.go:28.16,30.3 1 0
github.com/anemptyemptiness/Go-Rocket-App/inventory/internal/api/inventory/v1/funcs.go:32.2,33.16 2 0
github.com/anemptyemptiness/Go-Rocket-App/inventory/internal/api/inventory/v1/funcs.go:33.16,35.3 1 0
github.com/anemptyemptiness/Go-Rocket-App/inventory/internal/api/inventory/v1/funcs.go:37.2,39.8 1 0
github.com/anemptyemptiness/Go-Rocket-App/inventory/internal/service/part/funcs.go:13.84,14.19 1 0
github.com/anemptyemptiness/Go-Rocket-App/inventory/internal/service/part/funcs.go:14.19,16.3 1 0
github.com/anemptyemptiness/Go-Rocket-App/inventory/internal/service/part/funcs.go:18.2,19.40 2 0
github.com/anemptyemptiness/Go-Rocket-App/inventory/internal/service/part/funcs.go:19.40,21.3 1 0
github.com/anemptyemptiness/Go-Rocket-App/inventory/internal/service/part/funcs.go:23.2,24.16 2 0
github.com/anemptyemptiness/Go-Rocket-App/inventory/internal/service/part/funcs.go:24.16,26.3 1 0
github.com/anemptyemptiness/Go-Rocket-App/inventory/internal/service/part/funcs.go:28.2,28.18 1 0
github.com/anemptyemptiness/Go-Rocket-App/inventory/internal/service/part/funcs.go:31.116,33.35 2 0
github.com/anemptyemptiness/Go-Rocket-App/inventory/internal/service/part/funcs.go:33.35,35.17 2 0
github.com/anemptyemptiness/Go-Rocket-App/inventory/internal/service/part/funcs.go:35.17,37.4 1 0
github.com/anemptyemptiness/Go-Rocket-App/inventory/internal/service/part/funcs.go:39.3,39.36 1 0
github.com/anemptyemptiness/Go-Rocket-App/inventory/internal/service/part/funcs.go:42.2,43.16 2 0
github.com/anemptyemptiness/Go-Rocket-App/inventory/internal/service/part/funcs.go:43.16,45.3 1 0
github.com/anemptyemptiness/Go-Rocket-App/inventory/internal/service/part/funcs.go:47.2,47.19 1 0
github.com/anemptyemptiness/Go-Rocket-App/inventory/internal/service/part/service.go:7.45,11.2 1 0
github.com/anemptyemptiness/Go-Rocket-App/inventory/internal/api/inventory/v1/api.go:11.50,15.2 1 0
github.com/anemptyemptiness/Go-Rocket-App/inventory/internal/api/inventory/v1/funcs.go:10.115,12.16 2 0
github.com/anemptyemptiness/Go-Rocket-App/inventory/internal/api/inventory/v1/funcs.go:12.16,14.3 1 0
github.com/anemptyemptiness/Go-Rocket-App/inventory/internal/api/inventory/v1/funcs.go:16.2,17.16 2 0
github.com/anemptyemptiness/Go-Rocket-App/inventory/internal/api/inventory/v1/funcs.go:17.16,19.3 1 0
github.com/anemptyemptiness/Go-Rocket-App/inventory/internal/api/inventory/v1/funcs.go:21.2,23.8 1 0
github.com/anemptyemptiness/Go-Rocket-App/inventory/internal/api/inventory/v1/funcs.go:26.121,28.16 2 0
github.com/anemptyemptiness/Go-Rocket-App/inventory/internal/api/inventory/v1/funcs.go:28.16,30.3 1 0
github.com/anemptyemptiness/Go-Rocket-App/inventory/internal/api/inventory/v1/funcs.go:32.2,33.16 2 0
github.com/anemptyemptiness/Go-Rocket-App/inventory/internal/api/inventory/v1/funcs.go:33.16,35.3 1 0
github.com/anemptyemptiness/Go-Rocket-App/inventory/internal/api/inventory/v1/funcs.go:37.2,39.8 1 0
github.com/anemptyemptiness/Go-Rocket-App/inventory/internal/service/part/funcs.go:13.84,14.19 1 4
github.com/anemptyemptiness/Go-Rocket-App/inventory/internal/service/part/funcs.go:14.19,16.3 1 1
github.com/anemptyemptiness/Go-Rocket-App/inventory/internal/service/part/funcs.go:18.2,19.40 2 3
github.com/anemptyemptiness/Go-Rocket-App/inventory/internal/service/part/funcs.go:19.40,21.3 1 1
github.com/anemptyemptiness/Go-Rocket-App/inventory/internal/service/part/funcs.go:23.2,24.16 2 2
github.com/anemptyemptiness/Go-Rocket-App/inventory/internal/service/part/funcs.go:24.16,26.3 1 1
github.com/anemptyemptiness/Go-Rocket-App/inventory/internal/service/part/funcs.go:28.2,28.18 1 1
github.com/anemptyemptiness/Go-Rocket-App/inventory/internal/service/part/funcs.go:31.116,33.35 2 3
github.com/anemptyemptiness/Go-Rocket-App/inventory/internal/service/part/funcs.go:33.35,35.17 2 8
github.com/anemptyemptiness/Go-Rocket-App/inventory/internal/service/part/funcs.go:35.17,37.4 1 1
github.com/anemptyemptiness/Go-Rocket-App/inventory/internal/service/part/funcs.go:39.3,39.36 1 7
github.com/anemptyemptiness/Go-Rocket-App/inventory/internal/service/part/funcs.go:42.2,43.16 2 2
github.com/anemptyemptiness/Go-Rocket-App/inventory/internal/service/part/funcs.go:43.16,45.3 1 1
github.com/anemptyemptiness/Go-Rocket-App/inventory/internal/service/part/funcs.go:47.2,47.19 1 1
github.com/anemptyemptiness/Go-Rocket-App/inventory/internal/service/part/service.go:7.45,11.2 1 7
github.com/anemptyemptiness/Go-Rocket-App/inventory/internal/api/inventory/v1/api.go:11.50,15.2 1 11
github.com/anemptyemptiness/Go-Rocket-App/inventory/internal/api/inventory/v1/funcs.go:10.115,12.16 2 6
github.com/anemptyemptiness/Go-Rocket-App/inventory/internal/api/inventory/v1/funcs.go:12.16,14.3 1 1
github.com/anemptyemptiness/Go-Rocket-App/inventory/internal/api/inventory/v1/funcs.go:16.2,17.16 2 5
github.com/anemptyemptiness/Go-Rocket-App/inventory/internal/api/inventory/v1/funcs.go:17.16,19.3 1 4
github.com/anemptyemptiness/Go-Rocket-App/inventory/internal/api/inventory/v1/funcs.go:21.2,23.8 1 1
github.com/anemptyemptiness/Go-Rocket-App/inventory/internal/api/inventory/v1/funcs.go:26.121,28.16 2 5
github.com/anemptyemptiness/Go-Rocket-App/inventory/internal/api/inventory/v1/funcs.go:28.16,30.3 1 1
github.com/anemptyemptiness/Go-Rocket-App/inventory/internal/api/inventory/v1/funcs.go:32.2,33.16 2 4
github.com/anemptyemptiness/Go-Rocket-App/inventory/internal/api/inventory/v1/funcs.go:33.16,35.3 1 3
github.com/anemptyemptiness/Go-Rocket-App/inventory/internal/api/inventory/v1/funcs.go:37.2,39.8 1 1
github.com/anemptyemptiness/Go-Rocket-App/inventory/internal/service/part/funcs.go:13.84,14.19 1 0
github.com/anemptyemptiness/Go-Rocket-App/inventory/internal/service/part/funcs.go:14.19,16.3 1 0
github.com/anemptyemptiness/Go-Rocket-App/inventory/internal/service/part/funcs.go:18.2,19.40 2 0
github.com/anemptyemptiness/Go-Rocket-App/inventory/internal/service/part/funcs.go:19.40,21.3 1 0
github.com/anemptyemptiness/Go-Rocket-App/inventory/internal/service/part/funcs.go:23.2,24.16 2 0
github.com/anemptyemptiness/Go-Rocket-App/inventory/internal/service/part/funcs.go:24.16,26.3 1 0
github.com/anemptyemptiness/Go-Rocket-App/inventory/internal/service/part/funcs.go:28.2,28.18 1 0
github.com/anemptyemptiness/Go-Rocket-App/inventory/internal/service/part/funcs.go:31.116,33.35 2 0
github.com/anemptyemptiness/Go-Rocket-App/inventory/internal/service/part/funcs.go:33.35,35.17 2 0
github.com/anemptyemptiness/Go-Rocket-App/inventory/internal/service/part/funcs.go:35.17,37.4 1 0
github.com/anemptyemptiness/Go-Rocket-App/inventory/internal/service/part/funcs.go:39.3,39.36 1 0
github.com/anemptyemptiness/Go-Rocket-App/inventory/internal/service/part/funcs.go:42.2,43.16 2 0
github.com/anemptyemptiness/Go-Rocket-App/inventory/internal/service/part/funcs.go:43.16,45.3 1 0
github.com/anemptyemptiness/Go-Rocket-App/inventory/internal/service/part/funcs.go:47.2,47.19 1 0
github.com/anemptyemptiness/Go-Rocket-App/inventory/internal/service/part/service.go:7.45,11.2 1 0
github.com/anemptyemptiness/Go-Rocket-App/inventory/internal/api/inventory/v1/api.go:11.50,15.2 1 0
github.com/anemptyemptiness/Go-Rocket-App/inventory/internal/api/inventory/v1/funcs.go:10.115,12.16 2 0
github.com/anemptyemptiness/Go-Rocket-App/inventory/internal/api/inventory/v1/funcs.go:12.16,14.3 1 0
github.com/anemptyemptiness/Go-Rocket-App/inventory/internal/api/inventory/v1/funcs.go:16.2,17.16 2 0
github.com/anemptyemptiness/Go-Rocket-App/inventory/internal/api/inventory/v1/funcs.go:17.16,19.3 1 0
github.com/anemptyemptiness/Go-Rocket-App/inventory/internal/api/inventory/v1/funcs.go:21.2,23.8 1 0
github.com/anemptyemptiness/Go-Rocket-App/inventory/internal/api/inventory/v1/funcs.go:26.121,28.16 2 0
github.com/anemptyemptiness/Go-Rocket-App/inventory/internal/api/inventory/v1/funcs.go:28.16,30.3 1 0
github.com/anemptyemptiness/Go-Rocket-App/inventory/internal/api/inventory/v1/funcs.go:32.2,33.16 2 0
github.com/anemptyemptiness/Go-Rocket-App/inventory/internal/api/inventory/v1/funcs.go:33.16,35.3 1 0
github.com/anemptyemptiness/Go-Rocket-App/inventory/internal/api/inventory/v1/funcs.go:37.2,39.8 1 0
github.com/anemptyemptiness/Go-Rocket-App/inventory/internal/service/part/funcs.go:13.84,14.19 1 0
github.com/anemptyemptiness/Go-Rocket-App/inventory/internal/service/part/funcs.go:14.19,16.3 1 0
github.com/anemptyemptiness/Go-Rocket-App/inventory/internal/service/part/funcs.go:18.2,19.40 2 0
github.com/anemptyemptiness/Go-Rocket-App/inventory/internal/service/part/funcs.go:19.40,21.3 1 0
github.com/anemptyemptiness/Go-Rocket-App/inventory/internal/service/part/funcs.go:23.2,24.16 2 0
github.com/anemptyemptiness/Go-Rocket-App/inventory/internal/service/part/funcs.go:24.16,26.3 1 0
github.com/anemptyemptiness/Go-Rocket-App/inventory/internal/service/part/funcs.go:28.2,28.18 1 0
github.com/anemptyemptiness/Go-Rocket-App/inventory/internal/service/part/funcs.go:31.116,33.35 2 0
github.com/anemptyemptiness/Go-Rocket-App/inventory/internal/service/part/funcs.go:33.35,35.17 2 0
github.com/anemptyemptiness/Go-Rocket-App/inventory/internal/service/part/funcs.go:35.17,37.4 1 0
github.com/anemptyemptiness/Go-Rocket-App/inventory/internal/service/part/funcs.go:39.3,39.36 1 0
github.com/anemptyemptiness/Go-Rocket-App/inventory/internal/service/part/funcs.go:42.2,43.16 2 0
github.com/anemptyemptiness/Go-Rocket-App/inventory/internal/service/part/funcs.go:43.16,45.3 1 0
github.com/anemptyemptiness/Go-Rocket-App/inventory/internal/service/part/funcs.go:47.2,47.19 1 0
github.com/anemptyemptiness/Go-Rocket-App/inventory/internal/service/part/service.go:7.45,11.2 1 0
github.com/anemptyemptiness/Go-Rocket-App/payment/internal/api/payment/v1/api.go:11.46,15.2 1 0
github.com/anemptyemptiness/Go-Rocket-App/payment/internal/api/payment/v1/funcs.go:10.114,12.16 2 0
github.com/anemptyemptiness/Go-Rocket-App/payment/internal/api/payment/v1/funcs.go:12.16,14.3 1 0
github.com/anemptyemptiness/Go-Rocket-App/payment/internal/api/payment/v1/funcs.go:16.2,17.16 2 0
github.com/anemptyemptiness/Go-Rocket-App/payment/internal/api/payment/v1/funcs.go:17.16,19.3 1 0
github.com/anemptyemptiness/Go-Rocket-App/payment/internal/api/payment/v1/funcs.go:21.2,23.8 1 0
github.com/anemptyemptiness/Go-Rocket-App/payment/internal/service/payment/funcs.go:13.119,14.24 1 7
github.com/anemptyemptiness/Go-Rocket-App/payment/internal/service/payment/funcs.go:14.24,16.3 1 1
github.com/anemptyemptiness/Go-Rocket-App/payment/internal/service/payment/funcs.go:18.2,19.16 2 6
github.com/anemptyemptiness/Go-Rocket-App/payment/internal/service/payment/funcs.go:19.16,21.3 1 1
github.com/anemptyemptiness/Go-Rocket-App/payment/internal/service/payment/funcs.go:23.2,23.53 1 5
github.com/anemptyemptiness/Go-Rocket-App/payment/internal/service/payment/funcs.go:23.53,25.3 1 1
github.com/anemptyemptiness/Go-Rocket-App/payment/internal/service/payment/funcs.go:27.2,34.38 3 4
github.com/anemptyemptiness/Go-Rocket-App/payment/internal/service/payment/service.go:5.21,7.2 1 7
github.com/anemptyemptiness/Go-Rocket-App/payment/internal/api/payment/v1/api.go:11.46,15.2 1 7
github.com/anemptyemptiness/Go-Rocket-App/payment/internal/api/payment/v1/funcs.go:10.114,12.16 2 7
github.com/anemptyemptiness/Go-Rocket-App/payment/internal/api/payment/v1/funcs.go:12.16,14.3 1 1
github.com/anemptyemptiness/Go-Rocket-App/payment/internal/api/payment/v1/funcs.go:16.2,17.16 2 6
github.com/anemptyemptiness/Go-Rocket-App/payment/internal/api/payment/v1/funcs.go:17.16,19.3 1 4
github.com/anemptyemptiness/Go-Rocket-App/payment/internal/api/payment/v1/funcs.go:21.2,23.8 1 2
github.com/anemptyemptiness/Go-Rocket-App/payment/internal/service/payment/funcs.go:13.119,14.24 1 0
github.com/anemptyemptiness/Go-Rocket-App/payment/internal/service/payment/funcs.go:14.24,16.3 1 0
github.com/anemptyemptiness/Go-Rocket-App/payment/internal/service/payment/funcs.go:18.2,19.16 2 0
github.com/anemptyemptiness/Go-Rocket-App/payment/internal/service/payment/funcs.go:19.16,21.3 1 0
github.com/anemptyemptiness/Go-Rocket-App/payment/internal/service/payment/funcs.go:23.2,23.53 1 0
github.com/anemptyemptiness/Go-Rocket-App/payment/internal/service/payment/funcs.go:23.53,25.3 1 0
github.com/anemptyemptiness/Go-Rocket-App/payment/internal/service/payment/funcs.go:27.2,34.38 3 0
github.com/anemptyemptiness/Go-Rocket-App/payment/internal/service/payment/service.go:5.21,7.2 1 0
github.com/anemptyemptiness/Go-Rocket-App/payment/internal/api/payment/v1/api.go:11.46,15.2 1 0
github.com/anemptyemptiness/Go-Rocket-App/payment/internal/api/payment/v1/funcs.go:10.114,12.16 2 0
github.com/anemptyemptiness/Go-Rocket-App/payment/internal/api/payment/v1/funcs.go:12.16,14.3 1 0
github.com/anemptyemptiness/Go-Rocket-App/payment/internal/api/payment/v1/funcs.go:16.2,17.16 2 0
github.com/anemptyemptiness/Go-Rocket-App/payment/internal/api/payment/v1/funcs.go:17.16,19.3 1 0
github.com/anemptyemptiness/Go-Rocket-App/payment/internal/api/payment/v1/funcs.go:21.2,23.8 1 0
github.com/anemptyemptiness/Go-Rocket-App/payment/internal/service/payment/funcs.go:13.119,14.24 1 0
github.com/anemptyemptiness/Go-Rocket-App/payment/internal/service/payment/funcs.go:14.24,16.3 1 0
github.com/anemptyemptiness/Go-Rocket-App/payment/internal/service/payment/funcs.go:18.2,19.16 2 0
github.com/anemptyemptiness/Go-Rocket-App/payment/internal/service/payment/funcs.go:19.16,21.3 1 0
github.com/anemptyemptiness/Go-Rocket-App/payment/internal/service/payment/funcs.go:23.2,23.53 1 0
github.com/anemptyemptiness/Go-Rocket-App/payment/internal/service/payment/funcs.go:23.53,25.3 1 0
github.com/anemptyemptiness/Go-Rocket-App/payment/internal/service/payment/funcs.go:27.2,34.38 3 0
github.com/anemptyemptiness/Go-Rocket-App/payment/internal/service/payment/service.go:5.21,7.2 1 0
